TN:
SF:src/app/providers.tsx
FN:9,(anonymous_0)
FN:15,Providers
FNF:2
FNH:0
FNDA:0,(anonymous_0)
FNDA:0,Providers
DA:5,0
DA:9,0
DA:16,0
LF:3
LH:0
BRDA:19,0,0,0
BRDA:19,0,1,0
BRF:2
BRH:0
end_of_record
TN:
SF:src/app/router.tsx
FN:7,(anonymous_0)
FN:8,(anonymous_1)
FN:9,(anonymous_2)
FN:10,(anonymous_3)
FN:11,(anonymous_4)
FN:12,(anonymous_5)
FN:13,(anonymous_6)
FN:14,(anonymous_7)
FN:15,(anonymous_8)
FN:16,(anonymous_9)
FN:17,(anonymous_10)
FNF:11
FNH:0
FNDA:0,(anonymous_0)
FNDA:0,(anonymous_1)
FNDA:0,(anonymous_2)
FNDA:0,(anonymous_3)
FNDA:0,(anonymous_4)
FNDA:0,(anonymous_5)
FNDA:0,(anonymous_6)
FNDA:0,(anonymous_7)
FNDA:0,(anonymous_8)
FNDA:0,(anonymous_9)
FNDA:0,(anonymous_10)
DA:7,0
DA:8,0
DA:9,0
DA:10,0
DA:11,0
DA:12,0
DA:13,0
DA:14,0
DA:15,0
DA:16,0
DA:17,0
DA:19,0
DA:21,0
LF:13
LH:0
BRF:0
BRH:0
end_of_record
TN:
SF:src/components/ui/BottomNav.tsx
FN:87,useActiveIndex
FN:103,BottomNav
FN:115,(anonymous_2)
FNF:3
FNH:3
FNDA:9,useActiveIndex
FNDA:9,BottomNav
FNDA:36,(anonymous_2)
DA:4,1
DA:88,9
DA:89,9
DA:91,9
DA:92,4
DA:93,3
DA:94,2
DA:95,1
DA:104,9
DA:106,9
DA:116,36
DA:117,36
LF:12
LH:12
BRDA:91,0,0,5
BRDA:91,0,1,4
BRDA:91,1,0,9
BRDA:91,1,1,5
BRDA:92,2,0,1
BRDA:92,2,1,3
BRDA:93,3,0,1
BRDA:93,3,1,2
BRDA:94,4,0,1
BRDA:94,4,1,1
BRDA:121,5,0,9
BRDA:121,5,1,27
BRDA:125,6,0,9
BRDA:125,6,1,27
BRF:14
BRH:14
end_of_record
TN:
SF:src/components/ui/Button.tsx
FN:16,Button
FNF:1
FNH:1
FNDA:15,Button
DA:27,15
DA:38,15
LF:2
LH:2
BRDA:18,0,0,15
BRDA:19,1,0,15
BRDA:20,2,0,15
BRDA:21,3,0,15
BRDA:23,4,0,15
BRDA:31,5,0,0
BRDA:31,5,1,15
BRDA:32,6,0,2
BRDA:32,6,1,13
BRDA:39,7,0,15
BRDA:39,7,1,14
BRDA:40,8,0,2
BRDA:40,8,1,13
BRDA:41,9,0,2
BRDA:41,9,1,13
BRF:15
BRH:14
end_of_record
TN:
SF:src/components/ui/Chip.tsx
FN:17,Chip
FN:38,(anonymous_1)
FN:45,(anonymous_2)
FNF:3
FNH:3
FNDA:12,Chip
FNDA:2,(anonymous_1)
FNDA:3,(anonymous_2)
DA:25,12
DA:39,2
DA:40,2
DA:46,3
DA:47,2
DA:48,2
LF:6
LH:6
BRDA:19,0,0,12
BRDA:22,1,0,12
BRDA:23,2,0,12
BRDA:28,3,0,1
BRDA:28,3,1,11
BRDA:35,4,0,6
BRDA:35,4,1,6
BRDA:46,5,0,2
BRDA:46,5,1,1
BRDA:46,6,0,3
BRDA:46,6,1,2
BRF:11
BRH:11
end_of_record
TN:
SF:src/components/ui/CinescopeLogo.tsx
FN:20,CinescopeLogo
FN:22,(anonymous_1)
FN:26,(anonymous_2)
FNF:3
FNH:3
FNDA:8,CinescopeLogo
FNDA:72,(anonymous_1)
FNDA:72,(anonymous_2)
DA:12,1
DA:21,8
DA:22,72
DA:25,8
DA:27,72
DA:33,8
DA:45,8
LF:7
LH:7
BRDA:20,0,0,8
BRDA:33,1,0,3
BRDA:33,1,1,5
BRDA:46,2,0,1
BRDA:46,2,1,7
BRF:5
BRH:5
end_of_record
TN:
SF:src/components/ui/ErrorAlert.tsx
FN:13,ErrorAlert
FNF:1
FNH:1
FNDA:6,ErrorAlert
DA:17,6
LF:1
LH:1
BRDA:14,0,0,6
BRDA:23,1,0,6
BRDA:23,1,1,2
BRF:3
BRH:3
end_of_record
TN:
SF:src/components/ui/ErrorBoundary.tsx
FN:22,(anonymous_0)
FN:26,(anonymous_1)
FN:32,(anonymous_2)
FN:38,(anonymous_3)
FN:42,(anonymous_4)
FN:46,(anonymous_5)
FN:52,(anonymous_6)
FN:64,(anonymous_7)
FNF:8
FNH:7
FNDA:1,(anonymous_0)
FNDA:13,(anonymous_1)
FNDA:9,(anonymous_2)
FNDA:9,(anonymous_3)
FNDA:3,(anonymous_4)
FNDA:2,(anonymous_5)
FNDA:20,(anonymous_6)
FNDA:0,(anonymous_7)
DA:23,6
DA:27,13
DA:28,13
DA:29,13
DA:33,9
DA:34,2
DA:39,9
DA:43,3
DA:47,2
DA:48,2
DA:49,2
DA:53,20
DA:54,8
DA:64,0
DA:71,12
LF:15
LH:14
BRDA:33,0,0,2
BRDA:33,0,1,7
BRDA:48,1,0,1
BRDA:48,1,1,1
BRDA:53,2,0,8
BRDA:53,2,1,12
BRDA:55,3,0,8
BRDA:55,3,1,6
BRF:8
BRH:8
end_of_record
TN:
SF:src/components/ui/HistoryDropdown.tsx
FN:14,HistoryDropdown
FN:35,(anonymous_1)
FN:42,(anonymous_2)
FNF:3
FNH:0
FNDA:0,HistoryDropdown
FNDA:0,(anonymous_1)
FNDA:0,(anonymous_2)
DA:20,0
DA:22,0
DA:36,0
DA:43,0
DA:44,0
LF:5
LH:0
BRDA:20,0,0,0
BRDA:20,0,1,0
BRDA:20,1,0,0
BRDA:20,1,1,0
BRF:4
BRH:0
end_of_record
TN:
SF:src/components/ui/IconButton.tsx
FN:18,IconButton
FNF:1
FNH:1
FNDA:7,IconButton
DA:27,7
DA:29,7
DA:40,7
LF:3
LH:3
BRDA:20,0,0,7
BRDA:22,1,0,7
BRDA:23,2,0,7
BRDA:27,3,0,1
BRDA:27,3,1,6
BRDA:31,4,0,0
BRDA:31,4,1,7
BRDA:31,5,0,0
BRDA:31,5,1,7
BRDA:32,6,0,0
BRDA:32,6,1,7
BRDA:33,7,0,0
BRDA:33,7,1,7
BRDA:34,8,0,0
BRDA:34,8,1,7
BRDA:35,9,0,7
BRDA:35,9,1,6
BRDA:40,10,0,1
BRDA:40,10,1,6
BRF:19
BRH:14
end_of_record
TN:
SF:src/components/ui/Layout.tsx
FN:12,Layout
FN:15,(anonymous_1)
FN:24,(anonymous_2)
FN:30,(anonymous_3)
FN:32,(anonymous_4)
FN:38,(anonymous_5)
FN:41,(anonymous_6)
FN:42,(anonymous_7)
FN:50,(anonymous_8)
FNF:9
FNH:0
FNDA:0,Layout
FNDA:0,(anonymous_1)
FNDA:0,(anonymous_2)
FNDA:0,(anonymous_3)
FNDA:0,(anonymous_4)
FNDA:0,(anonymous_5)
FNDA:0,(anonymous_6)
FNDA:0,(anonymous_7)
FNDA:0,(anonymous_8)
DA:13,0
DA:15,0
DA:16,0
DA:17,0
DA:18,0
DA:22,0
DA:24,0
DA:25,0
DA:30,0
DA:31,0
DA:32,0
DA:33,0
DA:34,0
DA:37,0
DA:38,0
DA:41,0
DA:42,0
DA:43,0
DA:44,0
DA:45,0
DA:46,0
DA:50,0
DA:51,0
DA:54,0
LF:24
LH:0
BRDA:17,0,0,0
BRDA:17,0,1,0
BRDA:17,1,0,0
BRDA:17,1,1,0
BRDA:18,2,0,0
BRDA:18,2,1,0
BRDA:33,3,0,0
BRDA:33,3,1,0
BRDA:34,4,0,0
BRDA:34,4,1,0
BRDA:43,5,0,0
BRDA:43,5,1,0
BRF:12
BRH:0
end_of_record
TN:
SF:src/components/ui/LayoutContext.ts
FNF:0
FNH:0
LF:0
LH:0
BRF:0
BRH:0
end_of_record
TN:
SF:src/components/ui/MediaCard.tsx
FN:25,MediaCard
FN:39,(anonymous_1)
FN:44,(anonymous_2)
FN:108,(anonymous_3)
FNF:4
FNH:3
FNDA:42,MediaCard
FNDA:3,(anonymous_1)
FNDA:4,(anonymous_2)
FNDA:0,(anonymous_3)
DA:37,42
DA:39,42
DA:40,3
DA:41,3
DA:44,42
DA:45,4
DA:46,3
DA:47,3
DA:52,42
DA:54,42
DA:108,0
LF:11
LH:10
BRDA:45,0,0,3
BRDA:45,0,1,1
BRDA:45,1,0,4
BRDA:45,1,1,2
BRDA:52,2,0,42
BRDA:52,2,1,14
BRDA:52,3,0,13
BRDA:52,3,1,1
BRDA:66,4,0,42
BRDA:66,4,1,41
BRDA:76,5,0,42
BRDA:76,5,1,12
BRDA:79,6,0,5
BRDA:79,6,1,7
BRDA:81,7,0,5
BRDA:81,7,1,7
BRDA:87,8,0,5
BRDA:87,8,1,7
BRDA:99,9,0,42
BRDA:99,9,1,42
BRDA:105,10,0,0
BRDA:105,10,1,42
BRF:22
BRH:21
end_of_record
TN:
SF:src/components/ui/MediaDetailLayout.tsx
FN:93,MediaDetailLayout
FN:117,(anonymous_1)
FNF:2
FNH:2
FNDA:9,MediaDetailLayout
FNDA:1,(anonymous_1)
DA:108,9
DA:110,9
DA:112,3
DA:113,3
DA:117,1
DA:124,6
DA:125,9
DA:126,9
DA:128,9
LF:9
LH:9
BRDA:110,0,0,3
BRDA:110,0,1,6
BRDA:112,1,0,2
BRDA:112,1,1,1
BRDA:124,2,0,6
BRDA:124,2,1,0
BRDA:125,3,0,9
BRDA:125,3,1,1
BRDA:126,4,0,6
BRDA:126,4,1,0
BRDA:167,5,0,9
BRDA:167,5,1,5
BRDA:173,6,0,9
BRDA:173,6,1,1
BRF:14
BRH:12
end_of_record
TN:
SF:src/components/ui/MediaGrid.tsx
FN:47,MediaGrid
FN:71,(anonymous_1)
FN:85,(anonymous_2)
FN:101,(anonymous_3)
FN:122,(anonymous_4)
FNF:5
FNH:4
FNDA:27,MediaGrid
FNDA:0,(anonymous_1)
FNDA:55,(anonymous_2)
FNDA:1,(anonymous_3)
FNDA:6,(anonymous_4)
DA:63,27
DA:65,27
DA:66,4
DA:71,0
DA:78,23
DA:79,4
DA:86,55
DA:92,19
DA:93,7
DA:101,12
DA:102,1
DA:103,1
DA:104,1
DA:105,1
DA:107,1
DA:110,12
DA:123,6
LF:17
LH:16
BRDA:51,0,0,27
BRDA:52,1,0,27
BRDA:54,2,0,27
BRDA:55,3,0,27
BRDA:57,4,0,27
BRDA:58,5,0,27
BRDA:59,6,0,27
BRDA:60,7,0,27
BRDA:65,8,0,4
BRDA:65,8,1,23
BRDA:78,9,0,4
BRDA:78,9,1,19
BRDA:81,10,0,0
BRDA:81,10,1,4
BRDA:92,11,0,7
BRDA:92,11,1,12
BRDA:102,12,0,1
BRDA:102,12,1,1
BRDA:103,13,0,1
BRDA:103,13,1,0
BRDA:113,14,0,1
BRDA:113,14,1,11
BRDA:121,15,0,27
BRDA:121,15,1,2
BRDA:127,16,0,27
BRDA:127,16,1,3
BRDA:127,16,2,3
BRDA:127,16,3,2
BRF:28
BRH:26
end_of_record
TN:
SF:src/components/ui/PageContent.tsx
FN:14,PageContent
FNF:1
FNH:1
FNDA:3,PageContent
DA:15,3
LF:1
LH:1
BRF:0
BRH:0
end_of_record
TN:
SF:src/components/ui/ScrollToTop.tsx
FN:5,ScrollToTop
FN:7,(anonymous_1)
FNF:2
FNH:2
FNDA:2,ScrollToTop
FNDA:2,(anonymous_1)
DA:6,2
DA:7,2
DA:8,2
DA:10,2
LF:4
LH:4
BRF:0
BRH:0
end_of_record
TN:
SF:src/components/ui/Skeleton.tsx
FN:15,Skeleton
FNF:1
FNH:1
FNDA:74,Skeleton
DA:21,74
LF:1
LH:1
BRDA:16,0,0,74
BRDA:17,1,0,74
BRDA:19,2,0,74
BRF:3
BRH:3
end_of_record
TN:
SF:src/components/ui/SkeletonCard.tsx
FN:15,SkeletonCard
FN:40,SkeletonCardGrid
FN:43,(anonymous_2)
FNF:3
FNH:3
FNDA:23,SkeletonCard
FNDA:4,SkeletonCardGrid
FNDA:21,(anonymous_2)
DA:16,23
DA:41,4
DA:44,21
LF:3
LH:3
BRDA:15,0,0,23
BRDA:40,1,0,4
BRDA:40,2,0,4
BRF:3
BRH:3
end_of_record
TN:
SF:src/components/ui/Toast.tsx
FN:35,ToastProvider
FN:39,(anonymous_1)
FN:41,(anonymous_2)
FN:41,(anonymous_3)
FN:43,(anonymous_4)
FN:44,(anonymous_5)
FN:44,(anonymous_6)
FN:51,(anonymous_7)
FN:53,(anonymous_8)
FN:55,(anonymous_9)
FN:62,(anonymous_10)
FN:64,(anonymous_11)
FN:75,(anonymous_12)
FN:97,useToast
FN:105,CheckIcon
FNF:15
FNH:15
FNDA:14,ToastProvider
FNDA:1,(anonymous_1)
FNDA:1,(anonymous_2)
FNDA:1,(anonymous_3)
FNDA:1,(anonymous_4)
FNDA:1,(anonymous_5)
FNDA:1,(anonymous_6)
FNDA:6,(anonymous_7)
FNDA:6,(anonymous_8)
FNDA:1,(anonymous_9)
FNDA:7,(anonymous_10)
FNDA:7,(anonymous_11)
FNDA:7,(anonymous_12)
FNDA:17,useToast
FNDA:7,CheckIcon
DA:26,1
DA:28,1
DA:30,1
DA:31,1
DA:36,14
DA:37,14
DA:39,14
DA:41,1
DA:43,1
DA:44,1
DA:45,1
DA:47,1
DA:50,14
DA:52,6
DA:53,6
DA:55,6
DA:56,6
DA:62,14
DA:63,7
DA:64,7
DA:65,7
DA:66,7
DA:70,14
DA:76,7
DA:98,17
DA:99,17
DA:100,14
DA:106,7
LF:28
LH:28
BRDA:41,0,0,1
BRDA:41,0,1,0
BRDA:73,1,0,14
BRDA:73,1,1,6
BRDA:79,2,0,0
BRDA:79,2,1,7
BRDA:99,3,0,2
BRDA:99,3,1,15
BRF:8
BRH:6
end_of_record
TN:
SF:src/components/ui/index.ts
FNF:0
FNH:0
LF:0
LH:0
BRF:0
BRH:0
end_of_record
TN:
SF:src/components/ui/mediaGridVariants.ts
FNF:0
FNH:0
DA:3,3
DA:11,3
LF:2
LH:2
BRF:0
BRH:0
end_of_record
TN:
SF:src/components/ui/media-detail/MediaDetailCast.tsx
FN:12,MediaDetailCast
FN:23,(anonymous_1)
FNF:2
FNH:2
FNDA:11,MediaDetailCast
FNDA:20,(anonymous_1)
DA:13,11
DA:15,10
DA:17,10
DA:24,20
LF:4
LH:4
BRDA:13,0,0,1
BRDA:13,0,1,10
BRF:2
BRH:2
end_of_record
TN:
SF:src/components/ui/media-detail/MediaDetailHero.tsx
FN:11,MediaDetailHero
FNF:1
FNH:1
FNDA:10,MediaDetailHero
DA:16,10
DA:21,10
DA:23,10
LF:3
LH:3
BRDA:16,0,0,7
BRDA:16,0,1,3
BRDA:18,1,0,1
BRDA:18,1,1,2
BRDA:21,2,0,10
BRDA:21,2,1,3
BRDA:25,3,0,1
BRDA:25,3,1,9
BRDA:28,4,0,9
BRDA:28,4,1,8
BRDA:32,5,0,1
BRDA:32,5,1,7
BRF:12
BRH:12
end_of_record
TN:
SF:src/components/ui/media-detail/MediaDetailInfo.tsx
FN:21,statusClass
FN:28,MediaDetailInfo
FN:93,(anonymous_2)
FN:107,(anonymous_3)
FN:115,(anonymous_4)
FN:149,(anonymous_5)
FN:158,DetailSkeleton
FN:164,(anonymous_7)
FNF:8
FNH:5
FNDA:4,statusClass
FNDA:22,MediaDetailInfo
FNDA:8,(anonymous_2)
FNDA:0,(anonymous_3)
FNDA:0,(anonymous_4)
FNDA:0,(anonymous_5)
FNDA:1,DetailSkeleton
FNDA:5,(anonymous_7)
DA:22,4
DA:23,3
DA:24,2
DA:25,1
DA:40,22
DA:41,1
DA:44,21
DA:46,20
DA:94,8
DA:107,0
DA:115,0
DA:149,0
DA:159,1
DA:165,5
LF:14
LH:11
BRDA:22,0,0,1
BRDA:22,0,1,3
BRDA:22,1,0,4
BRDA:22,1,1,3
BRDA:23,2,0,1
BRDA:23,2,1,2
BRDA:24,3,0,1
BRDA:24,3,1,1
BRDA:36,4,0,22
BRDA:40,5,0,1
BRDA:40,5,1,21
BRDA:44,6,0,1
BRDA:44,6,1,20
BRDA:50,7,0,20
BRDA:50,7,1,1
BRDA:53,8,0,22
BRDA:53,8,1,6
BRDA:53,8,2,4
BRDA:62,9,0,14
BRDA:62,9,1,6
BRDA:64,10,0,22
BRDA:64,10,1,6
BRDA:67,11,0,22
BRDA:67,11,1,14
BRDA:67,11,2,1
BRDA:72,12,0,22
BRDA:72,12,1,6
BRDA:72,12,2,2
BRDA:74,13,0,1
BRDA:74,13,1,1
BRDA:77,14,0,22
BRDA:77,14,1,6
BRDA:77,14,2,1
BRDA:80,15,0,22
BRDA:80,15,1,6
BRDA:80,15,2,0
BRDA:84,16,0,22
BRDA:84,16,1,7
BRDA:101,17,0,22
BRDA:101,17,1,7
BRDA:104,18,0,22
BRDA:104,18,1,6
BRDA:104,18,2,0
BRDA:104,18,3,0
BRDA:112,19,0,22
BRDA:112,19,1,6
BRDA:112,19,2,0
BRDA:112,19,3,0
BRDA:120,20,0,22
BRDA:120,20,1,14
BRDA:120,20,2,13
BRDA:120,20,3,1
BRDA:123,21,0,1
BRDA:123,21,1,1
BRDA:123,22,0,1
BRDA:123,22,1,0
BRDA:127,23,0,1
BRDA:127,23,1,0
BRDA:129,24,0,1
BRDA:129,24,1,1
BRDA:131,25,0,1
BRDA:131,25,1,0
BRDA:135,26,0,1
BRDA:135,26,1,0
BRDA:143,27,0,22
BRDA:143,27,1,14
BRDA:143,27,2,0
BRDA:143,27,3,0
BRF:68
BRH:57
end_of_record
TN:
SF:src/components/ui/media-detail/MediaDetailPoster.tsx
FN:21,MediaDetailPoster
FNF:1
FNH:1
FNDA:14,MediaDetailPoster
DA:33,14
LF:1
LH:1
BRDA:35,0,0,1
BRDA:35,0,1,13
BRDA:39,1,0,13
BRDA:39,1,1,0
BRDA:40,2,0,13
BRDA:40,2,1,0
BRDA:46,3,0,14
BRDA:46,3,1,13
BRDA:54,4,0,1
BRDA:54,4,1,12
BRDA:56,5,0,1
BRDA:56,5,1,12
BRDA:62,6,0,1
BRDA:62,6,1,12
BRDA:73,7,0,1
BRDA:73,7,1,12
BRDA:83,8,0,1
BRDA:83,8,1,12
BRDA:85,9,0,1
BRDA:85,9,1,12
BRDA:91,10,0,1
BRDA:91,10,1,12
BRDA:102,11,0,1
BRDA:102,11,1,12
BRDA:112,12,0,1
BRDA:112,12,1,12
BRDA:114,13,0,1
BRDA:114,13,1,12
BRDA:122,14,0,1
BRDA:122,14,1,12
BRDA:128,15,0,1
BRDA:128,15,1,12
BRDA:138,16,0,1
BRDA:138,16,1,12
BRF:34
BRH:32
end_of_record
TN:
SF:src/components/ui/media-detail/MediaDetailRecommendations.tsx
FN:10,MediaDetailRecommendations
FNF:1
FNH:1
FNDA:4,MediaDetailRecommendations
DA:14,4
DA:16,4
LF:2
LH:2
BRF:0
BRH:0
end_of_record
TN:
SF:src/components/ui/media-detail/MediaDetailTrailer.tsx
FN:11,MediaDetailTrailer
FNF:1
FNH:1
FNDA:8,MediaDetailTrailer
DA:16,8
DA:18,8
LF:2
LH:2
BRDA:26,0,0,7
BRDA:26,0,1,1
BRF:2
BRH:2
end_of_record
TN:
SF:src/components/ui/navbar/NavFavoritesLink.tsx
FN:6,NavFavoritesLink
FN:11,(anonymous_1)
FN:22,(anonymous_2)
FNF:3
FNH:3
FNDA:1,NavFavoritesLink
FNDA:1,(anonymous_1)
FNDA:1,(anonymous_2)
DA:7,1
DA:12,1
DA:23,1
LF:3
LH:3
BRDA:15,0,0,0
BRDA:15,0,1,1
BRDA:26,1,0,0
BRDA:26,1,1,1
BRF:4
BRH:2
end_of_record
TN:
SF:src/components/ui/navbar/NavSearchBar.tsx
FN:10,NavSearchBar
FNF:1
FNH:0
FNDA:0,NavSearchBar
DA:23,0
DA:25,0
DA:27,0
LF:3
LH:0
BRDA:52,0,0,0
BRDA:52,0,1,0
BRDA:57,1,0,0
BRDA:57,1,1,0
BRF:4
BRH:0
end_of_record
TN:
SF:src/components/ui/navbar/NavThemeToggle.tsx
FN:10,NavThemeToggle
FNF:1
FNH:1
FNDA:6,NavThemeToggle
DA:11,6
DA:12,6
LF:2
LH:2
BRDA:11,0,0,4
BRDA:11,0,1,2
BRDA:20,1,0,4
BRDA:20,1,1,2
BRF:4
BRH:4
end_of_record
TN:
SF:src/components/ui/navbar/Navbar.tsx
FN:20,Navbar
FN:23,(anonymous_1)
FN:24,(anonymous_2)
FN:26,(anonymous_3)
FN:42,(anonymous_4)
FN:50,(anonymous_5)
FN:58,(anonymous_6)
FNF:7
FNH:0
FNDA:0,Navbar
FNDA:0,(anonymous_1)
FNDA:0,(anonymous_2)
FNDA:0,(anonymous_3)
FNDA:0,(anonymous_4)
FNDA:0,(anonymous_5)
FNDA:0,(anonymous_6)
DA:21,0
DA:23,0
DA:24,0
DA:25,0
DA:26,0
DA:29,0
DA:43,0
DA:51,0
DA:59,0
LF:9
LH:0
BRDA:30,0,0,0
BRDA:30,0,1,0
BRDA:43,1,0,0
BRDA:43,1,1,0
BRDA:51,2,0,0
BRDA:51,2,1,0
BRDA:59,3,0,0
BRDA:59,3,1,0
BRF:8
BRH:0
end_of_record
TN:
SF:src/components/ui/navbar/useNavSearch.ts
FN:24,useNavSearch
FN:36,(anonymous_1)
FN:42,(anonymous_2)
FN:42,(anonymous_3)
FN:49,(anonymous_4)
FN:50,(anonymous_5)
FN:57,(anonymous_6)
FN:60,(anonymous_7)
FN:64,(anonymous_8)
FN:73,(anonymous_9)
FN:83,(anonymous_10)
FN:88,(anonymous_11)
FN:89,(anonymous_12)
FN:92,(anonymous_13)
FN:98,(anonymous_14)
FN:104,(anonymous_15)
FNF:16
FNH:15
FNDA:27,useNavSearch
FNDA:15,(anonymous_1)
FNDA:14,(anonymous_2)
FNDA:14,(anonymous_3)
FNDA:14,(anonymous_4)
FNDA:0,(anonymous_5)
FNDA:14,(anonymous_6)
FNDA:5,(anonymous_7)
FNDA:2,(anonymous_8)
FNDA:2,(anonymous_9)
FNDA:3,(anonymous_10)
FNDA:1,(anonymous_11)
FNDA:1,(anonymous_12)
FNDA:1,(anonymous_13)
FNDA:1,(anonymous_14)
FNDA:1,(anonymous_15)
DA:25,27
DA:26,27
DA:27,27
DA:29,27
DA:30,27
DA:31,27
DA:32,27
DA:33,27
DA:36,27
DA:37,15
DA:41,27
DA:42,14
DA:43,14
DA:49,27
DA:50,14
DA:51,0
DA:52,0
DA:53,0
DA:56,14
DA:57,14
DA:60,27
DA:61,5
DA:62,5
DA:63,5
DA:64,5
DA:65,2
DA:66,1
DA:68,1
DA:73,27
DA:74,2
DA:75,2
DA:76,2
DA:77,1
DA:78,1
DA:80,2
DA:83,27
DA:84,3
DA:85,3
DA:88,27
DA:89,1
DA:92,27
DA:93,1
DA:94,1
DA:95,1
DA:98,27
DA:99,1
DA:100,1
DA:101,1
DA:104,27
DA:105,1
DA:106,1
DA:109,27
LF:52
LH:49
BRDA:27,0,0,27
BRDA:27,0,1,24
BRDA:43,1,0,5
BRDA:43,1,1,9
BRDA:51,2,0,0
BRDA:51,2,1,0
BRDA:51,3,0,0
BRDA:51,3,1,0
BRDA:63,4,0,0
BRDA:63,4,1,5
BRDA:65,5,0,1
BRDA:65,5,1,1
BRDA:75,6,0,1
BRDA:75,6,1,1
BRDA:76,7,0,1
BRDA:76,7,1,1
BRF:16
BRH:11
end_of_record
TN:
SF:src/components/ui/skeleton/SkeletonBlock.tsx
FN:17,SkeletonBlock
FNF:1
FNH:1
FNDA:80,SkeletonBlock
DA:23,80
DA:29,80
LF:2
LH:2
BRDA:18,0,0,80
BRDA:19,1,0,80
BRDA:21,2,0,80
BRDA:24,3,0,1
BRDA:24,3,1,79
BRDA:25,4,0,1
BRDA:25,4,1,79
BRDA:26,5,0,80
BRDA:26,5,1,25
BRF:9
BRH:9
end_of_record
TN:
SF:src/components/ui/skeleton/SkeletonCard.tsx
FN:15,SkeletonCard
FNF:1
FNH:1
FNDA:24,SkeletonCard
DA:16,24
LF:1
LH:1
BRDA:15,0,0,24
BRF:1
BRH:1
end_of_record
TN:
SF:src/components/ui/skeleton/SkeletonGrid.tsx
FN:17,SkeletonGrid
FN:20,(anonymous_1)
FNF:2
FNH:2
FNDA:4,SkeletonGrid
FNDA:21,(anonymous_1)
DA:18,4
DA:21,21
LF:2
LH:2
BRDA:17,0,0,4
BRDA:17,1,0,4
BRF:2
BRH:2
end_of_record
TN:
SF:src/components/ui/skeleton/index.ts
FNF:0
FNH:0
LF:0
LH:0
BRF:0
BRH:0
end_of_record
TN:
SF:src/features/favorites/index.ts
FNF:0
FNH:0
LF:0
LH:0
BRF:0
BRH:0
end_of_record
TN:
SF:src/features/favorites/store.ts
FN:26,(anonymous_0)
FN:30,(anonymous_1)
FN:32,(anonymous_2)
FN:33,(anonymous_3)
FN:36,(anonymous_4)
FN:42,(anonymous_5)
FN:43,(anonymous_6)
FN:44,(anonymous_7)
FN:47,(anonymous_8)
FN:53,(anonymous_9)
FN:57,(anonymous_10)
FN:61,(anonymous_11)
FN:61,(anonymous_12)
FN:63,(anonymous_13)
FN:63,(anonymous_14)
FNF:15
FNH:15
FNDA:5,(anonymous_0)
FNDA:12,(anonymous_1)
FNDA:12,(anonymous_2)
FNDA:4,(anonymous_3)
FNDA:3,(anonymous_4)
FNDA:5,(anonymous_5)
FNDA:5,(anonymous_6)
FNDA:2,(anonymous_7)
FNDA:2,(anonymous_8)
FNDA:2,(anonymous_9)
FNDA:2,(anonymous_10)
FNDA:17,(anonymous_11)
FNDA:4,(anonymous_12)
FNDA:17,(anonymous_13)
FNDA:3,(anonymous_14)
DA:24,5
DA:26,5
DA:31,12
DA:32,12
DA:33,12
DA:34,12
DA:36,3
DA:43,5
DA:44,5
DA:45,5
DA:47,2
DA:54,2
DA:58,2
DA:61,17
DA:63,17
LF:15
LH:15
BRDA:31,0,0,9
BRDA:31,0,1,3
BRDA:35,1,0,3
BRDA:35,1,1,9
BRDA:46,2,0,2
BRDA:46,2,1,3
BRF:6
BRH:6
end_of_record
TN:
SF:src/features/favorites/hooks/index.ts
FNF:0
FNH:0
LF:0
LH:0
BRF:0
BRH:0
end_of_record
TN:
SF:src/features/favorites/hooks/useFavorites.ts
FN:9,useFavorites
FN:20,(anonymous_1)
FNF:2
FNH:2
FNDA:51,useFavorites
FNDA:163,(anonymous_1)
DA:19,51
DA:20,163
DA:32,51
LF:3
LH:3
BRF:0
BRH:0
end_of_record
TN:
SF:src/features/filters/index.ts
FNF:0
FNH:0
LF:0
LH:0
BRF:0
BRH:0
end_of_record
TN:
SF:src/features/filters/types.ts
FNF:0
FNH:0
DA:14,2
LF:1
LH:1
BRF:0
BRH:0
end_of_record
TN:
SF:src/features/filters/components/AdvancedFilters.tsx
FN:5,(anonymous_0)
FN:29,ChevronIcon
FN:51,AdvancedFilters
FN:64,(anonymous_3)
FN:88,(anonymous_4)
FN:103,(anonymous_5)
FN:121,(anonymous_6)
FN:142,(anonymous_7)
FN:154,(anonymous_8)
FNF:9
FNH:0
FNDA:0,(anonymous_0)
FNDA:0,ChevronIcon
FNDA:0,AdvancedFilters
FNDA:0,(anonymous_3)
FNDA:0,(anonymous_4)
FNDA:0,(anonymous_5)
FNDA:0,(anonymous_6)
FNDA:0,(anonymous_7)
FNDA:0,(anonymous_8)
DA:4,0
DA:5,0
DA:7,0
DA:30,0
DA:59,0
DA:60,0
DA:62,0
DA:64,0
DA:67,0
DA:88,0
DA:103,0
DA:122,0
DA:142,0
DA:155,0
LF:14
LH:0
BRDA:59,0,0,0
BRDA:59,0,1,0
BRDA:60,1,0,0
BRDA:60,1,1,0
BRDA:62,2,0,0
BRDA:62,2,1,0
BRDA:64,3,0,0
BRDA:64,3,1,0
BRDA:64,4,0,0
BRDA:64,4,1,0
BRDA:64,4,2,0
BRDA:103,5,0,0
BRDA:103,5,1,0
BRDA:142,6,0,0
BRDA:142,6,1,0
BRF:15
BRH:0
end_of_record
TN:
SF:src/features/filters/components/GenreFilter.tsx
FN:16,(anonymous_0)
FN:18,GenreFilter
FN:24,(anonymous_2)
FN:41,(anonymous_3)
FN:43,(anonymous_4)
FN:49,(anonymous_5)
FNF:6
FNH:6
FNDA:8,(anonymous_0)
FNDA:7,GenreFilter
FNDA:8,(anonymous_2)
FNDA:1,(anonymous_3)
FNDA:4,(anonymous_4)
FNDA:1,(anonymous_5)
DA:16,8
DA:19,7
DA:21,7
DA:22,1
DA:25,8
DA:35,6
DA:41,1
DA:44,4
DA:49,1
LF:9
LH:9
BRDA:19,0,0,7
BRDA:21,1,0,1
BRDA:21,1,1,6
BRF:3
BRH:3
end_of_record
TN:
SF:src/features/filters/components/SortDropdown.tsx
FN:23,SortDropdown
FN:51,(anonymous_1)
FN:55,(anonymous_2)
FNF:3
FNH:3
FNDA:5,SortDropdown
FNDA:25,(anonymous_1)
FNDA:1,(anonymous_2)
DA:11,1
DA:24,5
DA:52,25
DA:55,1
LF:4
LH:4
BRDA:46,0,0,5
BRDA:46,0,1,0
BRDA:54,1,0,5
BRDA:54,1,1,20
BRF:4
BRH:3
end_of_record
TN:
SF:src/features/filters/components/index.ts
FNF:0
FNH:0
LF:0
LH:0
BRF:0
BRH:0
end_of_record
TN:
SF:src/features/filters/hooks/index.ts
FNF:0
FNH:0
LF:0
LH:0
BRF:0
BRH:0
end_of_record
TN:
SF:src/features/filters/hooks/useGenres.ts
FN:10,useGenres
FN:13,(anonymous_1)
FN:16,(anonymous_2)
FNF:3
FNH:3
FNDA:4,useGenres
FNDA:2,(anonymous_1)
FNDA:4,(anonymous_2)
DA:11,4
DA:13,2
DA:16,4
LF:3
LH:3
BRF:0
BRH:0
end_of_record
TN:
SF:src/features/lists/index.ts
FNF:0
FNH:0
LF:0
LH:0
BRF:0
BRH:0
end_of_record
TN:
SF:src/features/lists/store.ts
FN:50,(anonymous_0)
FN:54,(anonymous_1)
FN:61,(anonymous_2)
FN:65,(anonymous_3)
FN:66,(anonymous_4)
FN:67,(anonymous_5)
FN:68,(anonymous_6)
FN:72,(anonymous_7)
FN:74,(anonymous_8)
FN:75,(anonymous_9)
FN:85,(anonymous_10)
FN:89,(anonymous_11)
FN:91,(anonymous_12)
FN:108,(anonymous_13)
FN:109,(anonymous_14)
FN:111,(anonymous_15)
FN:116,(anonymous_16)
FN:118,(anonymous_17)
FN:122,(anonymous_18)
FN:124,(anonymous_19)
FN:125,(anonymous_20)
FNF:21
FNH:21
FNDA:3,(anonymous_0)
FNDA:37,(anonymous_1)
FNDA:37,(anonymous_2)
FNDA:5,(anonymous_3)
FNDA:5,(anonymous_4)
FNDA:6,(anonymous_5)
FNDA:2,(anonymous_6)
FNDA:4,(anonymous_7)
FNDA:4,(anonymous_8)
FNDA:4,(anonymous_9)
FNDA:20,(anonymous_10)
FNDA:20,(anonymous_11)
FNDA:4,(anonymous_12)
FNDA:4,(anonymous_13)
FNDA:4,(anonymous_14)
FNDA:5,(anonymous_15)
FNDA:7,(anonymous_16)
FNDA:4,(anonymous_17)
FNDA:5,(anonymous_18)
FNDA:6,(anonymous_19)
FNDA:1,(anonymous_20)
DA:48,3
DA:50,3
DA:55,37
DA:61,37
DA:62,37
DA:66,5
DA:67,6
DA:68,2
DA:74,4
DA:75,4
DA:76,4
DA:77,4
DA:78,4
DA:80,4
DA:82,4
DA:89,20
DA:90,20
DA:92,4
DA:96,20
DA:97,19
DA:104,19
DA:109,4
DA:111,5
DA:117,7
DA:118,4
DA:123,5
DA:124,6
DA:125,1
LF:28
LH:28
BRDA:58,0,0,37
BRDA:58,0,1,34
BRDA:76,1,0,0
BRDA:76,1,1,4
BRDA:92,2,0,4
BRDA:92,2,1,3
BRDA:92,2,2,2
BRDA:96,3,0,1
BRDA:96,3,1,19
BRDA:111,4,0,5
BRDA:111,4,1,4
BRDA:111,4,2,4
BRDA:118,5,0,4
BRDA:118,5,1,4
BRDA:118,5,2,4
BRF:15
BRH:14
end_of_record
TN:
SF:src/features/lists/useLists.ts
FN:29,useLists
FN:40,(anonymous_1)
FN:57,(anonymous_2)
FN:59,(anonymous_3)
FN:63,(anonymous_4)
FN:67,(anonymous_5)
FN:74,(anonymous_6)
FN:78,(anonymous_7)
FN:81,(anonymous_8)
FN:83,(anonymous_9)
FNF:10
FNH:10
FNDA:36,useLists
FNDA:131,(anonymous_1)
FNDA:12,(anonymous_2)
FNDA:2,(anonymous_3)
FNDA:2,(anonymous_4)
FNDA:5,(anonymous_5)
FNDA:2,(anonymous_6)
FNDA:4,(anonymous_7)
FNDA:2,(anonymous_8)
FNDA:1,(anonymous_9)
DA:39,36
DA:40,131
DA:52,36
DA:57,12
DA:60,2
DA:64,2
DA:71,5
DA:75,2
DA:79,4
DA:81,2
LF:10
LH:10
BRF:0
BRH:0
end_of_record
TN:
SF:src/features/lists/components/ListCard.tsx
FN:10,isMovie
FN:23,asMedia
FN:28,getMediaTitle
FN:34,getMediaDate
FN:40,getMediaPoster
FN:57,ListCard
FN:60,(anonymous_6)
FNF:7
FNH:0
FNDA:0,isMovie
FNDA:0,asMedia
FNDA:0,getMediaTitle
FNDA:0,getMediaDate
FNDA:0,getMediaPoster
FNDA:0,ListCard
FNDA:0,(anonymous_6)
DA:11,0
DA:24,0
DA:29,0
DA:30,0
DA:35,0
DA:36,0
DA:41,0
DA:58,0
DA:60,0
DA:61,0
DA:62,0
DA:63,0
DA:64,0
DA:66,0
DA:70,0
DA:71,0
DA:72,0
DA:74,0
LF:18
LH:0
BRDA:30,0,0,0
BRDA:30,0,1,0
BRDA:36,1,0,0
BRDA:36,1,1,0
BRDA:36,2,0,0
BRDA:36,2,1,0
BRDA:36,3,0,0
BRDA:36,3,1,0
BRDA:41,4,0,0
BRDA:41,4,1,0
BRDA:86,5,0,0
BRDA:86,5,1,0
BRF:12
BRH:0
end_of_record
TN:
SF:src/features/lists/components/ListForm.tsx
FN:13,ListForm
FN:19,(anonymous_1)
FN:23,(anonymous_2)
FN:43,(anonymous_3)
FN:53,(anonymous_4)
FNF:5
FNH:0
FNDA:0,ListForm
FNDA:0,(anonymous_1)
FNDA:0,(anonymous_2)
FNDA:0,(anonymous_3)
FNDA:0,(anonymous_4)
DA:14,0
DA:15,0
DA:16,0
DA:17,0
DA:19,0
DA:20,0
DA:23,0
DA:24,0
DA:25,0
DA:26,0
DA:27,0
DA:28,0
DA:30,0
DA:34,0
DA:43,0
DA:53,0
LF:16
LH:0
BRDA:25,0,0,0
BRDA:25,0,1,0
BRDA:61,1,0,0
BRDA:61,1,1,0
BRDA:62,2,0,0
BRDA:62,2,1,0
BRF:6
BRH:0
end_of_record
TN:
SF:src/features/lists/components/ListGrid.tsx
FN:18,ListRow
FN:25,(anonymous_1)
FN:29,(anonymous_2)
FN:35,(anonymous_3)
FN:43,(anonymous_4)
FN:48,(anonymous_5)
FN:53,(anonymous_6)
FN:64,(anonymous_7)
FN:81,(anonymous_8)
FN:82,(anonymous_9)
FN:84,(anonymous_10)
FN:156,ListGrid
FN:181,(anonymous_12)
FN:187,(anonymous_13)
FN:188,(anonymous_14)
FN:189,(anonymous_15)
FNF:16
FNH:0
FNDA:0,ListRow
FNDA:0,(anonymous_1)
FNDA:0,(anonymous_2)
FNDA:0,(anonymous_3)
FNDA:0,(anonymous_4)
FNDA:0,(anonymous_5)
FNDA:0,(anonymous_6)
FNDA:0,(anonymous_7)
FNDA:0,(anonymous_8)
FNDA:0,(anonymous_9)
FNDA:0,(anonymous_10)
FNDA:0,ListGrid
FNDA:0,(anonymous_12)
FNDA:0,(anonymous_13)
FNDA:0,(anonymous_14)
FNDA:0,(anonymous_15)
DA:19,0
DA:20,0
DA:21,0
DA:22,0
DA:23,0
DA:25,0
DA:26,0
DA:29,0
DA:30,0
DA:31,0
DA:32,0
DA:35,0
DA:36,0
DA:37,0
DA:38,0
DA:40,0
DA:43,0
DA:44,0
DA:45,0
DA:48,0
DA:49,0
DA:50,0
DA:53,0
DA:54,0
DA:55,0
DA:56,0
DA:57,0
DA:59,0
DA:60,0
DA:64,0
DA:65,0
DA:66,0
DA:69,0
DA:81,0
DA:82,0
DA:84,0
DA:165,0
DA:166,0
DA:169,0
DA:170,0
DA:179,0
DA:182,0
DA:187,0
DA:188,0
DA:189,0
LF:45
LH:0
BRDA:26,0,0,0
BRDA:26,0,1,0
BRDA:37,1,0,0
BRDA:37,1,1,0
BRDA:37,2,0,0
BRDA:37,2,1,0
BRDA:44,3,0,0
BRDA:44,3,1,0
BRDA:45,4,0,0
BRDA:45,4,1,0
BRDA:72,5,0,0
BRDA:72,5,1,0
BRDA:76,6,0,0
BRDA:76,6,1,0
BRDA:91,7,0,0
BRDA:91,7,1,0
BRDA:95,8,0,0
BRDA:95,8,1,0
BRDA:116,9,0,0
BRDA:116,9,1,0
BRDA:134,10,0,0
BRDA:134,10,1,0
BRDA:165,11,0,0
BRDA:165,11,1,0
BRDA:169,12,0,0
BRDA:169,12,1,0
BRDA:185,13,0,0
BRDA:185,13,1,0
BRF:28
BRH:0
end_of_record
TN:
SF:src/features/lists/components/ListItemModal.tsx
FN:8,getMediaTitle
FN:13,getMediaDate
FN:18,getMediaPoster
FN:33,ItemCard
FN:36,(anonymous_4)
FN:83,ListItemModal
FN:127,(anonymous_6)
FN:131,(anonymous_7)
FNF:8
FNH:0
FNDA:0,getMediaTitle
FNDA:0,getMediaDate
FNDA:0,getMediaPoster
FNDA:0,ItemCard
FNDA:0,(anonymous_4)
FNDA:0,ListItemModal
FNDA:0,(anonymous_6)
FNDA:0,(anonymous_7)
DA:9,0
DA:10,0
DA:14,0
DA:15,0
DA:19,0
DA:34,0
DA:36,0
DA:37,0
DA:38,0
DA:39,0
DA:40,0
DA:42,0
DA:46,0
DA:47,0
DA:48,0
DA:50,0
DA:89,0
DA:90,0
DA:101,0
DA:128,0
DA:131,0
LF:21
LH:0
BRDA:10,0,0,0
BRDA:10,0,1,0
BRDA:10,0,2,0
BRDA:15,1,0,0
BRDA:15,1,1,0
BRDA:15,1,2,0
BRDA:19,2,0,0
BRDA:19,2,1,0
BRDA:62,3,0,0
BRDA:62,3,1,0
BRDA:89,4,0,0
BRDA:89,4,1,0
BRDA:106,5,0,0
BRDA:106,5,1,0
BRDA:108,6,0,0
BRDA:108,6,1,0
BRDA:112,7,0,0
BRDA:112,7,1,0
BRDA:117,8,0,0
BRDA:117,8,1,0
BRDA:119,9,0,0
BRDA:119,9,1,0
BRDA:119,10,0,0
BRDA:119,10,1,0
BRDA:127,11,0,0
BRDA:127,11,1,0
BRF:26
BRH:0
end_of_record
TN:
SF:src/features/lists/components/index.ts
FNF:0
FNH:0
LF:0
LH:0
BRF:0
BRH:0
end_of_record
TN:
SF:src/features/movies/index.ts
FNF:0
FNH:0
LF:0
LH:0
BRF:0
BRH:0
end_of_record
TN:
SF:src/features/movies/api/index.ts
FNF:0
FNH:0
LF:0
LH:0
BRF:0
BRH:0
end_of_record
TN:
SF:src/features/movies/api/personApi.ts
FN:9,fetchPersonDetail
FN:17,fetchPersonMovieCredits
FNF:2
FNH:2
FNDA:2,fetchPersonDetail
FNDA:2,fetchPersonMovieCredits
DA:10,2
DA:20,2
LF:2
LH:2
BRF:0
BRH:0
end_of_record
TN:
SF:src/features/movies/api/tmdbApi.ts
FN:12,fetchTrending
FN:19,fetchTopRated
FN:23,fetchDiscover
FN:38,fetchSearchMovies
FN:47,fetchGenres
FN:51,fetchMovieDetail
FN:55,fetchMovieVideos
FN:64,fetchMovieRecommendations
FN:77,fetchMovieCredits
FNF:9
FNH:9
FNDA:2,fetchTrending
FNDA:2,fetchTopRated
FNDA:3,fetchDiscover
FNDA:2,fetchSearchMovies
FNDA:1,fetchGenres
FNDA:1,fetchMovieDetail
FNDA:1,fetchMovieVideos
FNDA:2,fetchMovieRecommendations
FNDA:1,fetchMovieCredits
DA:16,2
DA:20,2
DA:24,3
DA:42,2
DA:48,1
DA:52,1
DA:56,1
DA:68,2
DA:78,1
LF:9
LH:9
BRDA:13,0,0,2
BRDA:14,1,0,2
BRDA:19,2,0,2
BRDA:26,3,0,3
BRDA:26,3,1,0
BRDA:28,4,0,3
BRDA:28,4,1,2
BRDA:30,5,0,3
BRDA:30,5,1,2
BRDA:40,6,0,2
BRDA:66,7,0,2
BRF:11
BRH:10
end_of_record
TN:
SF:src/features/movies/components/HeroSection.tsx
FN:20,HeroSection
FN:59,(anonymous_1)
FN:88,(anonymous_2)
FNF:3
FNH:0
FNDA:0,HeroSection
FNDA:0,(anonymous_1)
FNDA:0,(anonymous_2)
DA:21,0
DA:23,0
DA:24,0
DA:40,0
DA:42,0
DA:59,0
DA:88,0
LF:7
LH:0
BRDA:23,0,0,0
BRDA:23,0,1,0
BRDA:40,1,0,0
BRDA:40,1,1,0
BRDA:52,2,0,0
BRDA:52,2,1,0
BRDA:56,3,0,0
BRDA:56,3,1,0
BRF:8
BRH:0
end_of_record
TN:
SF:src/features/movies/components/MovieBrowseSection.tsx
FN:17,MovieBrowseSection
FNF:1
FNH:0
FNDA:0,MovieBrowseSection
DA:26,0
DA:38,0
DA:40,0
DA:42,0
LF:4
LH:0
BRDA:87,0,0,0
BRDA:87,0,1,0
BRF:2
BRH:0
end_of_record
TN:
SF:src/features/movies/components/MovieCard.tsx
FN:20,MovieCard
FN:35,(anonymous_1)
FN:36,(anonymous_2)
FN:37,(anonymous_3)
FNF:4
FNH:4
FNDA:19,MovieCard
FNDA:1,(anonymous_1)
FNDA:3,(anonymous_2)
FNDA:1,(anonymous_3)
DA:28,19
DA:35,1
DA:36,3
DA:37,1
LF:4
LH:4
BRDA:24,0,0,19
BRDA:35,1,0,1
BRDA:35,1,1,13
BRDA:37,2,0,1
BRDA:37,2,1,18
BRF:5
BRH:5
end_of_record
TN:
SF:src/features/movies/components/MovieCarousel.tsx
FN:24,MovieCarousel
FN:45,(anonymous_1)
FN:62,(anonymous_2)
FN:92,(anonymous_3)
FNF:4
FNH:0
FNDA:0,MovieCarousel
FNDA:0,(anonymous_1)
FNDA:0,(anonymous_2)
FNDA:0,(anonymous_3)
DA:33,0
DA:35,0
DA:45,0
DA:62,0
DA:93,0
LF:5
LH:0
BRDA:30,0,0,0
BRDA:87,1,0,0
BRDA:87,1,1,0
BRDA:100,2,0,0
BRDA:100,2,1,0
BRF:5
BRH:0
end_of_record
TN:
SF:src/features/movies/components/MovieGrid.tsx
FN:27,MovieGrid
FN:54,(anonymous_1)
FNF:2
FNH:2
FNDA:6,MovieGrid
FNDA:2,(anonymous_1)
DA:40,6
DA:55,2
LF:2
LH:2
BRDA:30,0,0,6
BRDA:31,1,0,6
BRDA:36,2,0,6
BRDA:44,3,0,6
BRDA:44,3,1,5
BRF:5
BRH:5
end_of_record
TN:
SF:src/features/movies/components/MovieModal.tsx
FN:24,MovieModal
FN:44,(anonymous_1)
FN:144,ModalSkeleton
FN:158,(anonymous_3)
FNF:4
FNH:0
FNDA:0,MovieModal
FNDA:0,(anonymous_1)
FNDA:0,ModalSkeleton
FNDA:0,(anonymous_3)
DA:39,0
DA:41,0
DA:43,0
DA:44,0
DA:145,0
DA:159,0
LF:6
LH:0
BRDA:44,0,0,0
BRDA:44,0,1,0
BRDA:62,1,0,0
BRDA:62,1,1,0
BRDA:65,2,0,0
BRDA:65,2,1,0
BRDA:87,3,0,0
BRDA:87,3,1,0
BRDA:95,4,0,0
BRDA:95,4,1,0
BRDA:97,5,0,0
BRDA:97,5,1,0
BRDA:99,6,0,0
BRDA:99,6,1,0
BRDA:103,7,0,0
BRDA:103,7,1,0
BRDA:126,8,0,0
BRDA:126,8,1,0
BRDA:126,8,2,0
BRF:19
BRH:0
end_of_record
TN:
SF:src/features/movies/components/SkeletonCard.tsx
FNF:0
FNH:0
LF:0
LH:0
BRF:0
BRH:0
end_of_record
TN:
SF:src/features/movies/components/SortableMovieCard.tsx
FN:14,GripIcon
FN:60,SortableMovieCard2
FNF:2
FNH:0
FNDA:0,GripIcon
FNDA:0,SortableMovieCard2
DA:15,0
DA:60,0
DA:75,0
DA:77,0
DA:83,0
DA:94,0
LF:6
LH:0
BRDA:98,0,0,0
BRDA:98,0,1,0
BRF:2
BRH:0
end_of_record
TN:
SF:src/features/movies/components/SortableMovieGrid.tsx
FN:28,GripIcon
FN:51,SortableMovieCard2
FN:120,SortableMovieGrid
FN:143,(anonymous_3)
FN:145,handleDragStart
FN:149,handleDragEnd
FN:153,(anonymous_6)
FN:154,(anonymous_7)
FN:158,handleDragCancel
FN:179,(anonymous_9)
FN:181,(anonymous_10)
FN:200,(anonymous_11)
FNF:12
FNH:0
FNDA:0,GripIcon
FNDA:0,SortableMovieCard2
FNDA:0,SortableMovieGrid
FNDA:0,(anonymous_3)
FNDA:0,handleDragStart
FNDA:0,handleDragEnd
FNDA:0,(anonymous_6)
FNDA:0,(anonymous_7)
FNDA:0,handleDragCancel
FNDA:0,(anonymous_9)
FNDA:0,(anonymous_10)
FNDA:0,(anonymous_11)
DA:29,0
DA:51,0
DA:66,0
DA:68,0
DA:74,0
DA:85,0
DA:129,0
DA:131,0
DA:143,0
DA:146,0
DA:150,0
DA:151,0
DA:152,0
DA:153,0
DA:154,0
DA:155,0
DA:159,0
DA:162,0
DA:163,0
DA:171,0
DA:179,0
DA:182,0
LF:22
LH:0
BRDA:89,0,0,0
BRDA:89,0,1,0
BRDA:125,1,0,0
BRDA:143,2,0,0
BRDA:143,2,1,0
BRDA:152,3,0,0
BRDA:152,3,1,0
BRDA:152,4,0,0
BRDA:152,4,1,0
BRDA:162,5,0,0
BRDA:162,5,1,0
BRDA:166,6,0,0
BRDA:166,6,1,0
BRDA:196,7,0,0
BRDA:196,7,1,0
BRF:15
BRH:0
end_of_record
TN:
SF:src/features/movies/components/index.ts
FNF:0
FNH:0
LF:0
LH:0
BRF:0
BRH:0
end_of_record
TN:
SF:src/features/movies/components/useSortableGrid.ts
FN:50,useSortableGrid
FN:68,(anonymous_1)
FN:70,handleDragStart
FN:75,handleDragEnd
FN:79,(anonymous_4)
FN:80,(anonymous_5)
FN:84,handleDragCancel
FNF:7
FNH:0
FNDA:0,useSortableGrid
FNDA:0,(anonymous_1)
FNDA:0,handleDragStart
FNDA:0,handleDragEnd
FNDA:0,(anonymous_4)
FNDA:0,(anonymous_5)
FNDA:0,handleDragCancel
DA:54,0
DA:56,0
DA:68,0
DA:71,0
DA:72,0
DA:76,0
DA:77,0
DA:78,0
DA:79,0
DA:80,0
DA:81,0
DA:85,0
DA:88,0
LF:13
LH:0
BRDA:68,0,0,0
BRDA:68,0,1,0
BRDA:68,1,0,0
BRDA:68,1,1,0
BRDA:71,2,0,0
BRDA:71,2,1,0
BRDA:78,3,0,0
BRDA:78,3,1,0
BRDA:78,4,0,0
BRDA:78,4,1,0
BRF:10
BRH:0
end_of_record
TN:
SF:src/features/movies/components/movie-modal/MovieModalBackdrop.tsx
FN:13,MovieModalBackdrop
FNF:1
FNH:0
FNDA:0,MovieModalBackdrop
DA:14,0
LF:1
LH:0
BRDA:16,0,0,0
BRDA:16,0,1,0
BRF:2
BRH:0
end_of_record
TN:
SF:src/features/movies/components/movie-modal/MovieModalDetails.tsx
FN:23,MovieModalDetails
FN:62,(anonymous_1)
FN:132,(anonymous_2)
FNF:3
FNH:0
FNDA:0,MovieModalDetails
FNDA:0,(anonymous_1)
FNDA:0,(anonymous_2)
DA:35,0
DA:63,0
DA:132,0
LF:3
LH:0
BRDA:40,0,0,0
BRDA:40,0,1,0
BRDA:53,1,0,0
BRDA:53,1,1,0
BRDA:54,2,0,0
BRDA:54,2,1,0
BRDA:60,3,0,0
BRDA:60,3,1,0
BRDA:72,4,0,0
BRDA:72,4,1,0
BRDA:73,5,0,0
BRDA:73,5,1,0
BRDA:73,5,2,0
BRDA:73,5,3,0
BRDA:78,6,0,0
BRDA:78,6,1,0
BRDA:84,7,0,0
BRDA:84,7,1,0
BRDA:90,8,0,0
BRDA:90,8,1,0
BRDA:103,9,0,0
BRDA:103,9,1,0
BRDA:106,10,0,0
BRDA:106,10,1,0
BRDA:110,11,0,0
BRDA:110,11,1,0
BRDA:111,12,0,0
BRDA:111,12,1,0
BRDA:120,13,0,0
BRDA:120,13,1,0
BRDA:123,14,0,0
BRDA:123,14,1,0
BRDA:124,15,0,0
BRDA:124,15,1,0
BRDA:124,15,2,0
BRDA:124,15,3,0
BRDA:132,16,0,0
BRDA:132,16,1,0
BRDA:133,17,0,0
BRDA:133,17,1,0
BRDA:134,18,0,0
BRDA:134,18,1,0
BRDA:136,19,0,0
BRDA:136,19,1,0
BRDA:136,20,0,0
BRDA:136,20,1,0
BRF:46
BRH:0
end_of_record
TN:
SF:src/features/movies/components/movie-modal/MovieModalPoster.tsx
FN:24,MovieModalPoster
FNF:1
FNH:0
FNDA:0,MovieModalPoster
DA:33,0
DA:34,0
DA:36,0
DA:37,0
DA:54,0
DA:55,0
DA:72,0
LF:7
LH:0
BRDA:36,0,0,0
BRDA:36,0,1,0
BRDA:36,1,0,0
BRDA:36,1,1,0
BRDA:54,2,0,0
BRDA:54,2,1,0
BRF:6
BRH:0
end_of_record
TN:
SF:src/features/movies/components/movie-modal/TrailerLightbox.tsx
FN:25,TrailerLightbox
FN:42,(anonymous_1)
FN:43,(anonymous_2)
FNF:3
FNH:0
FNDA:0,TrailerLightbox
FNDA:0,(anonymous_1)
FNDA:0,(anonymous_2)
DA:31,0
DA:42,0
DA:44,0
DA:45,0
LF:4
LH:0
BRDA:45,0,0,0
BRDA:45,0,1,0
BRF:2
BRH:0
end_of_record
TN:
SF:src/features/movies/components/movie-modal/index.ts
FNF:0
FNH:0
LF:0
LH:0
BRF:0
BRH:0
end_of_record
TN:
SF:src/features/movies/components/movie-modal/useMovieModalState.ts
FN:51,useMovieModalState
FN:63,(anonymous_1)
FN:65,(anonymous_2)
FN:72,(anonymous_3)
FN:76,(anonymous_4)
FN:80,(anonymous_5)
FN:81,(anonymous_6)
FN:82,(anonymous_7)
FN:84,(anonymous_8)
FN:86,(anonymous_9)
FN:89,(anonymous_10)
FN:91,(anonymous_11)
FNF:12
FNH:9
FNDA:28,useMovieModalState
FNDA:25,(anonymous_1)
FNDA:0,(anonymous_2)
FNDA:0,(anonymous_3)
FNDA:0,(anonymous_4)
FNDA:2,(anonymous_5)
FNDA:1,(anonymous_6)
FNDA:1,(anonymous_7)
FNDA:3,(anonymous_8)
FNDA:2,(anonymous_9)
FNDA:2,(anonymous_10)
FNDA:1,(anonymous_11)
DA:52,28
DA:53,28
DA:54,28
DA:56,28
DA:57,28
DA:59,28
DA:63,28
DA:64,25
DA:65,0
DA:66,0
DA:67,0
DA:71,25
DA:72,0
DA:73,0
DA:74,0
DA:76,0
DA:80,28
DA:81,28
DA:82,28
DA:84,28
DA:85,3
DA:86,2
DA:89,28
DA:90,2
DA:91,1
DA:94,28
LF:26
LH:19
BRDA:64,0,0,0
BRDA:64,0,1,25
BRDA:64,1,0,25
BRDA:64,1,1,1
BRDA:64,1,2,0
BRDA:71,2,0,0
BRDA:71,2,1,25
BRDA:71,3,0,25
BRDA:71,3,1,11
BRDA:85,4,0,1
BRDA:85,4,1,2
BRDA:90,5,0,1
BRDA:90,5,1,1
BRDA:97,6,0,28
BRDA:97,6,1,27
BRDA:102,7,0,13
BRDA:102,7,1,15
BRDA:103,8,0,13
BRDA:103,8,1,15
BRF:19
BRH:16
end_of_record
TN:
SF:src/features/movies/components/person/FilmographyGrid.tsx
FN:15,FilmographyGrid
FN:24,(anonymous_1)
FNF:2
FNH:0
FNDA:0,FilmographyGrid
FNDA:0,(anonymous_1)
DA:18,0
DA:19,0
DA:22,0
DA:25,0
LF:4
LH:0
BRDA:18,0,0,0
BRDA:18,0,1,0
BRDA:31,1,0,0
BRDA:31,1,1,0
BRF:4
BRH:0
end_of_record
TN:
SF:src/features/movies/components/person/MiniPosterCard.tsx
FN:15,MiniPosterCard
FN:28,(anonymous_1)
FN:29,(anonymous_2)
FN:47,(anonymous_3)
FNF:4
FNH:0
FNDA:0,MiniPosterCard
FNDA:0,(anonymous_1)
FNDA:0,(anonymous_2)
FNDA:0,(anonymous_3)
DA:23,0
DA:25,0
DA:28,0
DA:30,0
DA:31,0
DA:32,0
DA:47,0
LF:7
LH:0
BRDA:30,0,0,0
BRDA:30,0,1,0
BRDA:30,1,0,0
BRDA:30,1,1,0
BRDA:40,2,0,0
BRDA:40,2,1,0
BRDA:44,3,0,0
BRDA:44,3,1,0
BRDA:51,4,0,0
BRDA:51,4,1,0
BRF:10
BRH:0
end_of_record
TN:
SF:src/features/movies/components/person/PersonBio.tsx
FN:9,PersonBio
FNF:1
FNH:0
FNDA:0,PersonBio
DA:10,0
LF:1
LH:0
BRF:0
BRH:0
end_of_record
TN:
SF:src/features/movies/components/person/PersonFilmography.tsx
FN:22,PersonFilmography
FN:40,(anonymous_1)
FN:71,(anonymous_2)
FN:78,(anonymous_3)
FN:87,(anonymous_4)
FN:111,(anonymous_5)
FN:126,(anonymous_6)
FN:141,(anonymous_7)
FNF:8
FNH:0
FNDA:0,PersonFilmography
FNDA:0,(anonymous_1)
FNDA:0,(anonymous_2)
FNDA:0,(anonymous_3)
FNDA:0,(anonymous_4)
FNDA:0,(anonymous_5)
FNDA:0,(anonymous_6)
FNDA:0,(anonymous_7)
DA:31,0
DA:41,0
DA:72,0
DA:79,0
DA:87,0
DA:111,0
DA:126,0
DA:141,0
LF:8
LH:0
BRDA:34,0,0,0
BRDA:34,0,1,0
BRDA:72,1,0,0
BRDA:72,1,1,0
BRDA:74,2,0,0
BRDA:74,2,1,0
BRDA:86,3,0,0
BRDA:86,3,1,0
BRDA:91,4,0,0
BRDA:91,4,1,0
BRDA:93,5,0,0
BRDA:93,5,1,0
BRDA:108,6,0,0
BRDA:108,6,1,0
BRDA:123,7,0,0
BRDA:123,7,1,0
BRDA:138,8,0,0
BRDA:138,8,1,0
BRF:18
BRH:0
end_of_record
TN:
SF:src/features/movies/components/person/PersonHeader.tsx
FN:10,PersonHeader
FNF:1
FNH:0
FNDA:0,PersonHeader
DA:11,0
DA:13,0
DA:16,0
DA:18,0
LF:4
LH:0
BRDA:13,0,0,0
BRDA:13,0,1,0
BRDA:14,1,0,0
BRDA:14,1,1,0
BRDA:16,2,0,0
BRDA:16,2,1,0
BRDA:31,3,0,0
BRDA:31,3,1,0
BRDA:34,4,0,0
BRDA:34,4,1,0
BRDA:39,5,0,0
BRDA:39,5,1,0
BRF:12
BRH:0
end_of_record
TN:
SF:src/features/movies/components/person/index.ts
FNF:0
FNH:0
LF:0
LH:0
BRF:0
BRH:0
end_of_record
TN:
SF:src/features/movies/hooks/index.ts
FNF:0
FNH:0
LF:0
LH:0
BRF:0
BRH:0
end_of_record
TN:
SF:src/features/movies/hooks/useDiscover.ts
FN:11,useDiscover
FN:14,(anonymous_1)
FNF:2
FNH:2
FNDA:20,useDiscover
FNDA:10,(anonymous_1)
DA:12,20
DA:14,10
LF:2
LH:2
BRDA:11,0,0,20
BRF:1
BRH:1
end_of_record
TN:
SF:src/features/movies/hooks/useMetaTags.ts
FN:9,setMeta
FN:19,getBackdropOgUrl
FN:27,useMetaTags
FN:28,(anonymous_3)
FNF:4
FNH:4
FNDA:44,setMeta
FNDA:9,getBackdropOgUrl
FNDA:11,useMetaTags
FNDA:11,(anonymous_3)
DA:5,1
DA:6,1
DA:7,1
DA:10,44
DA:11,44
DA:12,40
DA:13,40
DA:14,40
DA:16,44
DA:20,9
DA:21,8
DA:28,11
DA:29,11
DA:30,9
DA:32,9
DA:35,9
DA:36,9
DA:38,9
DA:39,9
DA:40,9
DA:41,9
DA:42,9
DA:44,2
DA:45,2
DA:46,2
DA:47,2
DA:48,2
LF:27
LH:27
BRDA:11,0,0,40
BRDA:11,0,1,4
BRDA:20,1,0,1
BRDA:20,1,1,8
BRDA:29,2,0,9
BRDA:29,2,1,2
BRDA:32,3,0,1
BRDA:32,3,1,8
BRDA:34,4,0,8
BRDA:34,4,1,1
BRF:10
BRH:10
end_of_record
TN:
SF:src/features/movies/hooks/useMovieCredits.ts
FN:10,useMovieCredits
FN:13,(anonymous_1)
FNF:2
FNH:2
FNDA:4,useMovieCredits
FNDA:1,(anonymous_1)
DA:11,4
DA:13,1
LF:2
LH:2
BRDA:12,0,0,4
BRDA:12,0,1,1
BRDA:16,1,0,4
BRDA:16,1,1,3
BRF:4
BRH:4
end_of_record
TN:
SF:src/features/movies/hooks/useMovieDetail.ts
FN:10,useMovieDetail
FN:13,(anonymous_1)
FNF:2
FNH:2
FNDA:38,useMovieDetail
FNDA:17,(anonymous_1)
DA:11,38
DA:13,17
LF:2
LH:2
BRDA:12,0,0,38
BRDA:12,0,1,1
BRDA:16,1,0,38
BRDA:16,1,1,37
BRF:4
BRH:4
end_of_record
TN:
SF:src/features/movies/hooks/useMoviePrefetch.ts
FN:11,useMoviePrefetch
FN:15,(anonymous_1)
FN:18,(anonymous_2)
FN:22,(anonymous_3)
FNF:4
FNH:2
FNDA:3,useMoviePrefetch
FNDA:2,(anonymous_1)
FNDA:0,(anonymous_2)
FNDA:0,(anonymous_3)
DA:12,3
DA:14,3
DA:16,2
DA:18,0
DA:20,2
DA:22,0
DA:28,3
LF:7
LH:5
BRF:0
BRH:0
end_of_record
TN:
SF:src/features/movies/hooks/useMovieRecommendations.ts
FN:11,useMovieRecommendations
FN:14,(anonymous_1)
FNF:2
FNH:2
FNDA:3,useMovieRecommendations
FNDA:1,(anonymous_1)
DA:12,3
DA:14,1
LF:2
LH:2
BRDA:11,0,0,3
BRDA:13,1,0,3
BRDA:13,1,1,1
BRDA:17,2,0,3
BRDA:17,2,1,2
BRF:5
BRH:5
end_of_record
TN:
SF:src/features/movies/hooks/useMovieVideos.ts
FN:11,pickTrailer
FN:13,(anonymous_1)
FN:17,(anonymous_2)
FN:21,(anonymous_3)
FN:29,useMovieVideos
FN:32,(anonymous_5)
FN:40,fetchMovieVideosForQuery
FNF:7
FNH:7
FNDA:19,pickTrailer
FNDA:19,(anonymous_1)
FNDA:3,(anonymous_2)
FNDA:1,(anonymous_3)
FNDA:28,useMovieVideos
FNDA:13,(anonymous_5)
FNDA:15,fetchMovieVideosForQuery
DA:13,19
DA:14,19
DA:17,4
DA:18,4
DA:21,3
DA:22,3
DA:30,28
DA:32,13
DA:41,15
DA:42,15
LF:10
LH:10
BRDA:13,0,0,19
BRDA:13,0,1,19
BRDA:13,0,2,17
BRDA:14,1,0,15
BRDA:14,1,1,4
BRDA:17,2,0,3
BRDA:17,2,1,3
BRDA:18,3,0,1
BRDA:18,3,1,3
BRDA:21,4,0,1
BRDA:21,4,1,1
BRDA:22,5,0,3
BRDA:22,5,1,2
BRDA:31,6,0,28
BRDA:31,6,1,0
BRDA:35,7,0,28
BRDA:35,7,1,28
BRF:17
BRH:16
end_of_record
TN:
SF:src/features/movies/hooks/usePersonDetail.ts
FN:10,usePersonDetail
FN:13,(anonymous_1)
FNF:2
FNH:2
FNDA:3,usePersonDetail
FNDA:1,(anonymous_1)
DA:11,3
DA:13,1
LF:2
LH:2
BRDA:12,0,0,3
BRDA:12,0,1,1
BRDA:16,1,0,3
BRDA:16,1,1,2
BRF:4
BRH:4
end_of_record
TN:
SF:src/features/movies/hooks/usePersonFilmography.ts
FN:25,usePersonFilmography
FN:28,(anonymous_1)
FN:30,(anonymous_2)
FN:33,(anonymous_3)
FN:35,(anonymous_4)
FN:42,(anonymous_5)
FN:45,(anonymous_6)
FN:46,(anonymous_7)
FN:53,(anonymous_8)
FN:56,(anonymous_9)
FN:57,(anonymous_10)
FN:65,(anonymous_11)
FN:69,(anonymous_12)
FN:76,(anonymous_13)
FN:77,(anonymous_14)
FN:79,(anonymous_15)
FNF:16
FNH:15
FNDA:12,usePersonFilmography
FNDA:11,(anonymous_1)
FNDA:11,(anonymous_2)
FNDA:11,(anonymous_3)
FNDA:11,(anonymous_4)
FNDA:11,(anonymous_5)
FNDA:9,(anonymous_6)
FNDA:0,(anonymous_7)
FNDA:11,(anonymous_8)
FNDA:9,(anonymous_9)
FNDA:2,(anonymous_10)
FNDA:10,(anonymous_11)
FNDA:21,(anonymous_12)
FNDA:2,(anonymous_13)
FNDA:2,(anonymous_14)
FNDA:7,(anonymous_15)
DA:4,1
DA:11,1
DA:26,12
DA:28,12
DA:29,11
DA:30,11
DA:33,12
DA:34,11
DA:35,8
DA:36,11
DA:37,11
DA:38,11
DA:42,12
DA:43,11
DA:44,8
DA:45,9
DA:47,0
DA:48,0
DA:49,0
DA:53,12
DA:54,11
DA:55,8
DA:56,9
DA:58,2
DA:59,2
DA:60,2
DA:65,12
DA:66,10
DA:68,7
DA:70,21
DA:76,7
DA:77,2
DA:79,7
DA:82,12
LF:34
LH:31
BRDA:29,0,0,3
BRDA:29,0,1,8
BRDA:34,1,0,3
BRDA:34,1,1,8
BRDA:36,2,0,11
BRDA:36,2,1,0
BRDA:37,3,0,11
BRDA:37,3,1,0
BRDA:43,4,0,3
BRDA:43,4,1,8
BRDA:47,5,0,0
BRDA:47,5,1,0
BRDA:48,6,0,0
BRDA:48,6,1,0
BRDA:54,7,0,3
BRDA:54,7,1,8
BRDA:56,8,0,9
BRDA:56,8,1,8
BRDA:56,8,2,7
BRDA:58,9,0,2
BRDA:58,9,1,0
BRDA:59,10,0,2
BRDA:59,10,1,0
BRDA:66,11,0,3
BRDA:66,11,1,7
BRDA:70,12,0,7
BRDA:70,12,1,14
BRDA:72,13,0,7
BRDA:72,13,1,7
BRDA:77,14,0,1
BRDA:77,14,1,1
BRDA:77,15,0,1
BRDA:77,15,1,0
BRF:33
BRH:24
end_of_record
TN:
SF:src/features/movies/hooks/usePersonMovieCredits.ts
FN:10,usePersonMovieCredits
FN:13,(anonymous_1)
FNF:2
FNH:2
FNDA:3,usePersonMovieCredits
FNDA:1,(anonymous_1)
DA:11,3
DA:13,1
LF:2
LH:2
BRDA:12,0,0,3
BRDA:12,0,1,1
BRDA:16,1,0,3
BRDA:16,1,1,2
BRF:4
BRH:4
end_of_record
TN:
SF:src/features/movies/hooks/useSearch.ts
FN:10,useSearchMovies
FN:13,(anonymous_1)
FNF:2
FNH:2
FNDA:21,useSearchMovies
FNDA:2,(anonymous_1)
DA:11,21
DA:13,2
LF:2
LH:2
BRDA:10,0,0,21
BRF:1
BRH:1
end_of_record
TN:
SF:src/features/movies/hooks/useTopRated.ts
FN:10,useTopRated
FN:13,(anonymous_1)
FNF:2
FNH:2
FNDA:19,useTopRated
FNDA:13,(anonymous_1)
DA:11,19
DA:13,13
LF:2
LH:2
BRDA:10,0,0,19
BRF:1
BRH:1
end_of_record
TN:
SF:src/features/movies/hooks/useTrending.ts
FN:10,useTrending
FN:13,(anonymous_1)
FNF:2
FNH:2
FNDA:29,useTrending
FNDA:18,(anonymous_1)
DA:11,29
DA:13,18
LF:2
LH:2
BRDA:10,0,0,29
BRDA:10,1,0,29
BRF:2
BRH:2
end_of_record
TN:
SF:src/features/movies/types/index.ts
FNF:0
FNH:0
LF:0
LH:0
BRF:0
BRH:0
end_of_record
TN:
SF:src/features/movies/types/movie.ts
FNF:0
FNH:0
LF:0
LH:0
BRF:0
BRH:0
end_of_record
TN:
SF:src/features/profile/components/AccountActions.tsx
FN:15,AccountActions
FN:18,openModal
FN:22,closeModal
FN:26,handleConfirmClear
FN:44,(anonymous_4)
FN:55,(anonymous_5)
FNF:6
FNH:6
FNDA:19,AccountActions
FNDA:7,openModal
FNDA:3,closeModal
FNDA:1,handleConfirmClear
FNDA:2,(anonymous_4)
FNDA:1,(anonymous_5)
DA:16,19
DA:19,7
DA:23,3
DA:27,1
DA:28,1
DA:31,19
DA:45,2
DA:56,1
LF:8
LH:8
BRDA:39,0,0,19
BRDA:39,0,1,7
BRDA:45,1,0,0
BRDA:45,1,1,2
BRDA:56,2,0,1
BRDA:56,2,1,0
BRDA:76,3,0,2
BRDA:76,3,1,5
BRF:8
BRH:6
end_of_record
TN:
SF:src/features/profile/components/ProfileStats.tsx
FN:3,AnimatedCounter
FN:22,ProfileStats
FNF:2
FNH:2
FNDA:12,AnimatedCounter
FNDA:4,ProfileStats
DA:4,12
DA:23,4
LF:2
LH:2
BRF:0
BRH:0
end_of_record
TN:
SF:src/features/profile/components/useProfileActions.ts
FN:10,useProfileActions
FN:11,handleClearData
FNF:2
FNH:2
FNDA:2,useProfileActions
FNDA:1,handleClearData
DA:12,1
DA:13,1
DA:14,1
DA:16,1
DA:19,2
LF:5
LH:5
BRF:0
BRH:0
end_of_record
TN:
SF:src/features/search/index.ts
FNF:0
FNH:0
LF:0
LH:0
BRF:0
BRH:0
end_of_record
TN:
SF:src/features/search/searchHistoryStore.ts
FN:6,readStorage
FN:15,writeStorage
FN:31,getHistory
FN:33,(anonymous_3)
FN:41,addToHistory
FN:44,(anonymous_5)
FN:51,clearHistory
FN:59,removeFromHistory
FN:64,(anonymous_8)
FNF:9
FNH:9
FNDA:43,readStorage
FNDA:24,writeStorage
FNDA:43,getHistory
FNDA:25,(anonymous_3)
FNDA:22,addToHistory
FNDA:7,(anonymous_5)
FNDA:4,clearHistory
FNDA:3,removeFromHistory
FNDA:3,(anonymous_8)
DA:3,3
DA:4,3
DA:7,43
DA:8,43
DA:9,43
DA:11,1
DA:16,24
DA:17,24
DA:19,0
DA:20,0
DA:22,0
DA:32,43
DA:33,43
DA:34,42
DA:42,22
DA:43,22
DA:44,18
DA:45,18
DA:52,4
DA:60,3
DA:61,3
DA:62,2
DA:64,3
DA:70,3
DA:72,3
DA:74,3
LF:26
LH:23
BRDA:9,0,0,24
BRDA:9,0,1,19
BRDA:19,1,0,0
BRDA:19,1,1,0
BRDA:19,2,0,0
BRDA:19,2,1,0
BRDA:33,3,0,1
BRDA:33,3,1,42
BRDA:33,4,0,43
BRDA:33,4,1,43
BRDA:43,5,0,4
BRDA:43,5,1,18
BRDA:61,6,0,1
BRDA:61,6,1,2
BRF:14
BRH:10
end_of_record
TN:
SF:src/features/search/components/SearchResults.tsx
FN:41,SearchResults
FN:78,(anonymous_1)
FN:107,(anonymous_2)
FNF:3
FNH:0
FNDA:0,SearchResults
FNDA:0,(anonymous_1)
FNDA:0,(anonymous_2)
DA:59,0
DA:60,0
DA:89,0
LF:3
LH:0
BRDA:44,0,0,0
BRDA:45,1,0,0
BRDA:48,2,0,0
BRDA:49,3,0,0
BRDA:59,4,0,0
BRDA:59,4,1,0
BRDA:66,5,0,0
BRDA:66,5,1,0
BRDA:68,6,0,0
BRDA:68,6,1,0
BRDA:73,7,0,0
BRDA:73,7,1,0
BRDA:78,8,0,0
BRDA:78,8,1,0
BRDA:95,9,0,0
BRDA:95,9,1,0
BRDA:97,10,0,0
BRDA:97,10,1,0
BRDA:102,11,0,0
BRDA:102,11,1,0
BRDA:107,12,0,0
BRDA:107,12,1,0
BRF:22
BRH:0
end_of_record
TN:
SF:src/features/shared/api/tmdbHelpers.ts
FN:22,fetchTrendingMedia
FN:34,fetchTopRatedMedia
FN:42,fetchSearchMedia
FN:56,fetchMediaGenres
FN:64,fetchMediaDetail
FN:72,fetchMediaVideos
FN:83,fetchMediaRecommendations
FN:97,fetchMediaCredits
FNF:8
FNH:8
FNDA:2,fetchTrendingMedia
FNDA:2,fetchTopRatedMedia
FNDA:2,fetchSearchMedia
FNDA:2,fetchMediaGenres
FNDA:2,fetchMediaDetail
FNDA:2,fetchMediaVideos
FNDA:2,fetchMediaRecommendations
FNDA:2,fetchMediaCredits
DA:27,2
DA:35,2
DA:47,2
DA:57,2
DA:65,2
DA:76,2
DA:88,2
DA:98,2
LF:8
LH:8
BRF:0
BRH:0
end_of_record
TN:
SF:src/features/tv/adapters.ts
FN:9,tvShowToMovie
FNF:1
FNH:1
FNDA:17,tvShowToMovie
DA:10,17
LF:1
LH:1
BRF:0
BRH:0
end_of_record
TN:
SF:src/features/tv/index.ts
FNF:0
FNH:0
LF:0
LH:0
BRF:0
BRH:0
end_of_record
TN:
SF:src/features/tv/api/index.ts
FNF:0
FNH:0
LF:0
LH:0
BRF:0
BRH:0
end_of_record
TN:
SF:src/features/tv/api/tvApi.ts
FN:12,fetchTrendingTV
FN:19,fetchTopRatedTV
FN:23,fetchDiscoverTV
FN:40,fetchSearchTV
FN:49,fetchTVGenres
FN:53,fetchTVDetail
FN:57,fetchTVVideos
FN:66,fetchTVRecommendations
FN:77,fetchTVCredits
FNF:9
FNH:9
FNDA:2,fetchTrendingTV
FNDA:2,fetchTopRatedTV
FNDA:3,fetchDiscoverTV
FNDA:2,fetchSearchTV
FNDA:1,fetchTVGenres
FNDA:1,fetchTVDetail
FNDA:1,fetchTVVideos
FNDA:2,fetchTVRecommendations
FNDA:1,fetchTVCredits
DA:16,2
DA:20,2
DA:26,3
DA:44,2
DA:50,1
DA:54,1
DA:58,1
DA:70,2
DA:78,1
LF:9
LH:9
BRDA:13,0,0,2
BRDA:14,1,0,2
BRDA:19,2,0,2
BRDA:28,3,0,3
BRDA:28,3,1,0
BRDA:30,4,0,3
BRDA:30,4,1,2
BRDA:32,5,0,3
BRDA:32,5,1,3
BRDA:42,6,0,2
BRDA:68,7,0,2
BRF:11
BRH:10
end_of_record
TN:
SF:src/features/tv/components/TVBrowseSection.tsx
FN:13,(anonymous_0)
FN:19,TVBrowseSection
FN:80,(anonymous_2)
FN:88,(anonymous_3)
FN:93,(anonymous_4)
FNF:5
FNH:0
FNDA:0,(anonymous_0)
FNDA:0,TVBrowseSection
FNDA:0,(anonymous_2)
FNDA:0,(anonymous_3)
FNDA:0,(anonymous_4)
DA:13,0
DA:28,0
DA:42,0
DA:44,0
DA:46,0
DA:81,0
DA:89,0
DA:93,0
LF:8
LH:0
BRDA:79,0,0,0
BRDA:79,0,1,0
BRDA:92,1,0,0
BRDA:92,1,1,0
BRDA:90,2,0,0
BRDA:90,2,1,0
BRDA:109,3,0,0
BRDA:109,3,1,0
BRF:8
BRH:0
end_of_record
TN:
SF:src/features/tv/components/TVCard.tsx
FN:21,TVCard
FN:35,(anonymous_1)
FN:36,(anonymous_2)
FN:37,(anonymous_3)
FNF:4
FNH:4
FNDA:8,TVCard
FNDA:1,(anonymous_1)
FNDA:1,(anonymous_2)
FNDA:1,(anonymous_3)
DA:28,8
DA:35,1
DA:36,1
DA:37,1
LF:4
LH:4
BRDA:25,0,0,8
BRDA:35,1,0,1
BRDA:35,1,1,5
BRDA:37,2,0,1
BRDA:37,2,1,7
BRF:5
BRH:5
end_of_record
TN:
SF:src/features/tv/components/TVCarousel.tsx
FN:23,TVCarousel
FN:44,(anonymous_1)
FN:61,(anonymous_2)
FN:91,(anonymous_3)
FNF:4
FNH:0
FNDA:0,TVCarousel
FNDA:0,(anonymous_1)
FNDA:0,(anonymous_2)
FNDA:0,(anonymous_3)
DA:32,0
DA:34,0
DA:44,0
DA:61,0
DA:92,0
LF:5
LH:0
BRDA:86,0,0,0
BRDA:86,0,1,0
BRDA:99,1,0,0
BRDA:99,1,1,0
BRDA:105,2,0,0
BRDA:105,2,1,0
BRF:6
BRH:0
end_of_record
TN:
SF:src/features/tv/components/TVGrid.tsx
FN:27,TVGrid
FN:54,(anonymous_1)
FNF:2
FNH:2
FNDA:6,TVGrid
FNDA:2,(anonymous_1)
DA:40,6
DA:55,2
LF:2
LH:2
BRDA:30,0,0,6
BRDA:31,1,0,6
BRDA:44,2,0,6
BRDA:44,2,1,5
BRDA:60,3,0,2
BRDA:60,3,1,1
BRF:6
BRH:6
end_of_record
TN:
SF:src/features/tv/components/TVHeroSection.tsx
FN:20,TVHeroSection
FN:58,(anonymous_1)
FN:87,(anonymous_2)
FNF:3
FNH:0
FNDA:0,TVHeroSection
FNDA:0,(anonymous_1)
FNDA:0,(anonymous_2)
DA:21,0
DA:23,0
DA:24,0
DA:39,0
DA:41,0
DA:58,0
DA:87,0
LF:7
LH:0
BRDA:23,0,0,0
BRDA:23,0,1,0
BRDA:39,1,0,0
BRDA:39,1,1,0
BRDA:51,2,0,0
BRDA:51,2,1,0
BRDA:55,3,0,0
BRDA:55,3,1,0
BRF:8
BRH:0
end_of_record
TN:
SF:src/features/tv/components/index.ts
FNF:0
FNH:0
LF:0
LH:0
BRF:0
BRH:0
end_of_record
TN:
SF:src/features/tv/hooks/index.ts
FNF:0
FNH:0
LF:0
LH:0
BRF:0
BRH:0
end_of_record
TN:
SF:src/features/tv/hooks/useDiscoverTV.ts
FN:7,useDiscoverTV
FN:10,(anonymous_1)
FNF:2
FNH:2
FNDA:22,useDiscoverTV
FNDA:9,(anonymous_1)
DA:8,22
DA:10,9
LF:2
LH:2
BRDA:7,0,0,22
BRF:1
BRH:1
end_of_record
TN:
SF:src/features/tv/hooks/useSearchTV.ts
FN:13,useSearchTV
FN:16,(anonymous_1)
FNF:2
FNH:2
FNDA:23,useSearchTV
FNDA:1,(anonymous_1)
DA:14,23
DA:16,1
LF:2
LH:2
BRDA:13,0,0,23
BRF:1
BRH:1
end_of_record
TN:
SF:src/features/tv/hooks/useTVCredits.ts
FN:10,useTVCredits
FN:13,(anonymous_1)
FNF:2
FNH:2
FNDA:4,useTVCredits
FNDA:1,(anonymous_1)
DA:11,4
DA:13,1
LF:2
LH:2
BRDA:12,0,0,4
BRDA:12,0,1,1
BRDA:16,1,0,4
BRDA:16,1,1,3
BRF:4
BRH:4
end_of_record
TN:
SF:src/features/tv/hooks/useTVDetail.ts
FN:6,useTVDetail
FN:9,(anonymous_1)
FNF:2
FNH:2
FNDA:14,useTVDetail
FNDA:6,(anonymous_1)
DA:7,14
DA:9,6
LF:2
LH:2
BRDA:8,0,0,14
BRDA:8,0,1,2
BRDA:12,1,0,14
BRDA:12,1,1,12
BRF:4
BRH:4
end_of_record
TN:
SF:src/features/tv/hooks/useTVGenres.ts
FN:10,useTVGenres
FN:13,(anonymous_1)
FN:16,(anonymous_2)
FNF:3
FNH:3
FNDA:23,useTVGenres
FNDA:14,(anonymous_1)
FNDA:23,(anonymous_2)
DA:11,23
DA:13,14
DA:16,23
LF:3
LH:3
BRF:0
BRH:0
end_of_record
TN:
SF:src/features/tv/hooks/useTVRecommendations.ts
FN:11,useTVRecommendations
FN:14,(anonymous_1)
FNF:2
FNH:2
FNDA:3,useTVRecommendations
FNDA:1,(anonymous_1)
DA:12,3
DA:14,1
LF:2
LH:2
BRDA:11,0,0,3
BRDA:13,1,0,3
BRDA:13,1,1,1
BRDA:17,2,0,3
BRDA:17,2,1,2
BRF:5
BRH:5
end_of_record
TN:
SF:src/features/tv/hooks/useTVVideos.ts
FN:7,pickTrailer
FN:9,(anonymous_1)
FN:13,(anonymous_2)
FN:17,(anonymous_3)
FN:21,useTVVideos
FN:24,(anonymous_5)
FN:32,fetchTVVideosForQuery
FNF:7
FNH:5
FNDA:6,pickTrailer
FNDA:6,(anonymous_1)
FNDA:3,(anonymous_2)
FNDA:1,(anonymous_3)
FNDA:0,useTVVideos
FNDA:0,(anonymous_5)
FNDA:2,fetchTVVideosForQuery
DA:9,6
DA:10,6
DA:13,4
DA:14,4
DA:17,3
DA:18,3
DA:22,0
DA:24,0
DA:33,2
DA:34,2
LF:10
LH:8
BRDA:9,0,0,6
BRDA:9,0,1,6
BRDA:9,0,2,4
BRDA:10,1,0,2
BRDA:10,1,1,4
BRDA:13,2,0,3
BRDA:13,2,1,3
BRDA:14,3,0,1
BRDA:14,3,1,3
BRDA:17,4,0,1
BRDA:17,4,1,1
BRDA:18,5,0,3
BRDA:18,5,1,2
BRDA:23,6,0,0
BRDA:23,6,1,0
BRDA:27,7,0,0
BRDA:27,7,1,0
BRF:17
BRH:13
end_of_record
TN:
SF:src/features/tv/hooks/useTopRatedTV.ts
FN:6,useTopRatedTV
FN:9,(anonymous_1)
FNF:2
FNH:2
FNDA:21,useTopRatedTV
FNDA:13,(anonymous_1)
DA:7,21
DA:9,13
LF:2
LH:2
BRDA:6,0,0,21
BRF:1
BRH:1
end_of_record
TN:
SF:src/features/tv/hooks/useTrendingTV.ts
FN:6,useTrendingTV
FN:9,(anonymous_1)
FNF:2
FNH:2
FNDA:28,useTrendingTV
FNDA:17,(anonymous_1)
DA:7,28
DA:9,17
LF:2
LH:2
BRDA:6,0,0,28
BRDA:6,1,0,28
BRF:2
BRH:2
end_of_record
TN:
SF:src/features/tv/types/index.ts
FNF:0
FNH:0
LF:0
LH:0
BRF:0
BRH:0
end_of_record
TN:
SF:src/features/tv/types/tv.ts
FNF:0
FNH:0
LF:0
LH:0
BRF:0
BRH:0
end_of_record
TN:
SF:src/features/watched/index.ts
FNF:0
FNH:0
LF:0
LH:0
BRF:0
BRH:0
end_of_record
TN:
SF:src/features/watched/store.ts
FN:31,(anonymous_0)
FN:34,(anonymous_1)
FN:35,(anonymous_2)
FN:37,(anonymous_3)
FN:42,(anonymous_4)
FN:51,(anonymous_5)
FN:52,(anonymous_6)
FNF:7
FNH:7
FNDA:1,(anonymous_0)
FNDA:3,(anonymous_1)
FNDA:3,(anonymous_2)
FNDA:1,(anonymous_3)
FNDA:1,(anonymous_4)
FNDA:4,(anonymous_5)
FNDA:2,(anonymous_6)
DA:29,1
DA:31,1
DA:35,3
DA:36,3
DA:37,1
DA:39,3
DA:40,1
DA:42,1
DA:46,2
DA:47,2
DA:52,4
LF:11
LH:11
BRDA:37,0,0,1
BRDA:37,0,1,1
BRDA:39,1,0,1
BRDA:39,1,1,2
BRDA:42,2,0,1
BRDA:42,2,1,1
BRDA:52,3,0,2
BRDA:52,3,1,2
BRF:8
BRH:8
end_of_record
TN:
SF:src/features/watched/useWatched.ts
FN:11,useWatched
FN:12,(anonymous_1)
FN:13,(anonymous_2)
FN:14,(anonymous_3)
FNF:4
FNH:4
FNDA:9,useWatched
FNDA:30,(anonymous_1)
FNDA:30,(anonymous_2)
FNDA:30,(anonymous_3)
DA:12,30
DA:13,30
DA:14,30
DA:16,9
LF:4
LH:4
BRF:0
BRH:0
end_of_record
TN:
SF:src/features/watched/components/WatchedSection.tsx
FN:8,getMediaTitle
FN:14,getMediaPosterPath
FN:24,WatchedCard
FN:28,handleCardClick
FN:32,handleRemoveClick
FN:37,handleKeyDown
FN:98,WatchedSection
FN:110,(anonymous_7)
FNF:8
FNH:8
FNDA:8,getMediaTitle
FNDA:8,getMediaPosterPath
FNDA:8,WatchedCard
FNDA:3,handleCardClick
FNDA:2,handleRemoveClick
FNDA:2,handleKeyDown
FNDA:11,WatchedSection
FNDA:8,(anonymous_7)
DA:9,8
DA:10,7
DA:11,1
DA:15,8
DA:25,8
DA:26,8
DA:29,3
DA:33,2
DA:34,2
DA:38,2
DA:39,2
DA:40,2
DA:44,8
DA:99,11
DA:111,8
LF:15
LH:15
BRDA:9,0,0,1
BRDA:9,0,1,7
BRDA:10,1,0,6
BRDA:10,1,1,1
BRDA:15,2,0,8
BRDA:15,2,1,1
BRDA:38,3,0,2
BRDA:38,3,1,0
BRDA:38,4,0,2
BRDA:38,4,1,1
BRDA:104,5,0,1
BRDA:104,5,1,10
BRDA:106,6,0,2
BRDA:106,6,1,8
BRF:14
BRH:13
end_of_record
TN:
SF:src/hooks/useBrowseMedia.ts
FN:67,useBrowseMedia
FNF:1
FNH:1
FNDA:3,useBrowseMedia
DA:68,3
DA:69,3
DA:70,3
DA:71,3
DA:73,3
LF:5
LH:5
BRF:0
BRH:0
end_of_record
TN:
SF:src/hooks/useCarouselScroll.ts
FN:27,useCarouselScroll
FN:33,(anonymous_1)
FN:41,(anonymous_2)
FNF:3
FNH:3
FNDA:9,useCarouselScroll
FNDA:3,(anonymous_1)
FNDA:4,(anonymous_2)
DA:4,1
DA:28,9
DA:29,9
DA:30,9
DA:33,9
DA:34,3
DA:35,3
DA:36,2
DA:37,2
DA:41,9
DA:42,4
DA:43,4
DA:44,2
DA:45,2
DA:48,9
LF:15
LH:15
BRDA:35,0,0,1
BRDA:35,0,1,2
BRDA:43,1,0,2
BRDA:43,1,1,2
BRDA:45,2,0,1
BRDA:45,2,1,1
BRF:6
BRH:6
end_of_record
TN:
SF:src/hooks/useListsPage.ts
FN:44,useListsPage
FN:54,(anonymous_1)
FN:65,(anonymous_2)
FN:70,(anonymous_3)
FN:78,(anonymous_4)
FN:84,(anonymous_5)
FN:88,(anonymous_6)
FN:92,(anonymous_7)
FN:95,(anonymous_8)
FN:98,(anonymous_9)
FN:101,(anonymous_10)
FN:108,(anonymous_11)
FN:112,(anonymous_12)
FN:114,(anonymous_13)
FN:117,(anonymous_14)
FN:124,(anonymous_15)
FN:126,(anonymous_16)
FN:141,(anonymous_17)
FN:141,(anonymous_18)
FN:142,(anonymous_19)
FNF:20
FNH:19
FNDA:46,useListsPage
FNDA:26,(anonymous_1)
FNDA:11,(anonymous_2)
FNDA:8,(anonymous_3)
FNDA:26,(anonymous_4)
FNDA:1,(anonymous_5)
FNDA:2,(anonymous_6)
FNDA:2,(anonymous_7)
FNDA:2,(anonymous_8)
FNDA:2,(anonymous_9)
FNDA:2,(anonymous_10)
FNDA:1,(anonymous_11)
FNDA:1,(anonymous_12)
FNDA:1,(anonymous_13)
FNDA:0,(anonymous_14)
FNDA:35,(anonymous_15)
FNDA:1,(anonymous_16)
FNDA:4,(anonymous_17)
FNDA:4,(anonymous_18)
FNDA:1,(anonymous_19)
DA:45,46
DA:48,46
DA:49,46
DA:50,46
DA:51,46
DA:54,46
DA:55,26
DA:56,8
DA:61,46
DA:62,46
DA:64,46
DA:66,11
DA:67,9
DA:68,9
DA:69,9
DA:70,9
DA:72,9
DA:78,46
DA:79,26
DA:84,46
DA:85,1
DA:88,46
DA:89,2
DA:90,2
DA:91,2
DA:92,2
DA:95,46
DA:96,2
DA:97,2
DA:98,2
DA:99,2
DA:101,2
DA:102,2
DA:103,2
DA:104,2
DA:108,46
DA:109,1
DA:112,46
DA:113,1
DA:114,1
DA:117,0
DA:124,46
DA:125,46
DA:126,46
DA:128,46
DA:141,4
DA:142,1
LF:47
LH:46
BRDA:55,0,0,8
BRDA:55,0,1,18
BRDA:55,1,0,26
BRDA:55,1,1,15
BRDA:66,2,0,2
BRDA:66,2,1,9
BRDA:79,3,0,11
BRDA:79,3,1,15
BRDA:89,4,0,2
BRDA:89,4,1,1
BRDA:97,5,0,2
BRDA:97,5,1,0
BRDA:99,6,0,0
BRDA:99,6,1,2
BRDA:116,7,0,1
BRDA:116,7,1,0
BRDA:117,8,0,0
BRDA:117,8,1,0
BRDA:124,9,0,46
BRDA:124,9,1,22
BRDA:125,10,0,26
BRDA:125,10,1,20
BRDA:125,11,0,26
BRDA:125,11,1,18
BRDA:126,12,0,1
BRDA:126,12,1,1
BRF:26
BRH:21
end_of_record
TN:
SF:src/hooks/useMediaQuery.ts
FN:7,useMediaQuery
FN:8,(anonymous_1)
FN:10,(anonymous_2)
FN:12,(anonymous_3)
FN:14,(anonymous_4)
FNF:5
FNH:5
FNDA:7,useMediaQuery
FNDA:5,(anonymous_1)
FNDA:5,(anonymous_2)
FNDA:2,(anonymous_3)
FNDA:5,(anonymous_4)
DA:8,7
DA:10,7
DA:11,5
DA:12,5
DA:13,5
DA:14,5
DA:17,7
LF:7
LH:7
BRF:0
BRH:0
end_of_record
TN:
SF:src/hooks/useSearchQuery.ts
FN:3,useSearchQuery
FNF:1
FNH:1
FNDA:41,useSearchQuery
DA:4,41
DA:5,41
LF:2
LH:2
BRDA:5,0,0,41
BRDA:5,0,1,36
BRF:2
BRH:2
end_of_record
TN:
SF:src/hooks/browse/useBrowseFilters.ts
FN:20,useBrowseFilters
FN:23,(anonymous_1)
FN:24,(anonymous_2)
FN:27,(anonymous_3)
FN:28,(anonymous_4)
FN:31,(anonymous_5)
FN:32,(anonymous_6)
FN:35,(anonymous_7)
FN:36,(anonymous_8)
FN:39,(anonymous_9)
FN:40,(anonymous_10)
FN:43,(anonymous_11)
FN:44,(anonymous_12)
FNF:13
FNH:11
FNDA:42,useBrowseFilters
FNDA:5,(anonymous_1)
FNDA:5,(anonymous_2)
FNDA:3,(anonymous_3)
FNDA:3,(anonymous_4)
FNDA:2,(anonymous_5)
FNDA:2,(anonymous_6)
FNDA:4,(anonymous_7)
FNDA:4,(anonymous_8)
FNDA:0,(anonymous_9)
FNDA:0,(anonymous_10)
FNDA:12,(anonymous_11)
FNDA:12,(anonymous_12)
DA:21,42
DA:23,42
DA:24,5
DA:27,42
DA:28,3
DA:31,42
DA:32,2
DA:35,42
DA:36,4
DA:39,42
DA:40,0
DA:43,42
DA:44,12
DA:47,42
LF:14
LH:13
BRF:0
BRH:0
end_of_record
TN:
SF:src/hooks/browse/useBrowseHandlers.ts
FN:23,useBrowseHandlers
FN:29,(anonymous_1)
FN:29,(anonymous_2)
FN:32,(anonymous_3)
FN:39,(anonymous_4)
FN:46,(anonymous_5)
FNF:6
FNH:6
FNDA:10,useBrowseHandlers
FNDA:10,(anonymous_1)
FNDA:2,(anonymous_2)
FNDA:1,(anonymous_3)
FNDA:1,(anonymous_4)
FNDA:1,(anonymous_5)
DA:24,10
DA:25,10
DA:26,10
DA:27,10
DA:29,10
DA:31,10
DA:33,1
DA:38,10
DA:40,1
DA:45,10
DA:47,1
DA:52,10
LF:12
LH:12
BRF:0
BRH:0
end_of_record
TN:
SF:src/hooks/browse/useMovieData.ts
FN:32,useMovieData
FN:58,(anonymous_1)
FN:59,(anonymous_2)
FN:60,(anonymous_3)
FN:61,(anonymous_4)
FN:64,(anonymous_5)
FN:64,(anonymous_6)
FNF:7
FNH:7
FNDA:17,useMovieData
FNDA:17,(anonymous_1)
FNDA:17,(anonymous_2)
FNDA:16,(anonymous_3)
FNDA:12,(anonymous_4)
FNDA:17,(anonymous_5)
FNDA:6,(anonymous_6)
DA:33,17
DA:35,17
DA:36,17
DA:41,17
DA:56,17
DA:58,17
DA:59,17
DA:60,17
DA:61,17
DA:62,17
DA:63,17
DA:64,17
DA:68,17
LF:13
LH:13
BRDA:46,0,0,1
BRDA:46,0,1,16
BRDA:48,1,0,17
BRDA:48,1,1,17
BRDA:50,2,0,17
BRDA:50,2,1,14
BRDA:56,3,0,14
BRDA:56,3,1,3
BRDA:58,4,0,17
BRDA:58,4,1,12
BRDA:59,5,0,17
BRDA:59,5,1,12
BRDA:60,6,0,16
BRDA:60,6,1,12
BRDA:61,7,0,12
BRDA:61,7,1,12
BRDA:62,8,0,17
BRDA:62,8,1,13
BRDA:64,9,0,17
BRDA:64,9,1,16
BRF:20
BRH:20
end_of_record
TN:
SF:src/hooks/browse/useTVData.ts
FN:35,useTVData
FN:63,(anonymous_1)
FN:64,(anonymous_2)
FN:65,(anonymous_3)
FN:66,(anonymous_4)
FN:69,(anonymous_5)
FN:69,(anonymous_6)
FNF:7
FNH:7
FNDA:19,useTVData
FNDA:19,(anonymous_1)
FNDA:19,(anonymous_2)
FNDA:17,(anonymous_3)
FNDA:12,(anonymous_4)
FNDA:19,(anonymous_5)
FNDA:6,(anonymous_6)
DA:36,19
DA:38,19
DA:40,19
DA:41,19
DA:46,19
DA:61,19
DA:63,19
DA:64,19
DA:65,19
DA:66,19
DA:67,19
DA:68,19
DA:69,19
DA:73,19
LF:14
LH:14
BRDA:38,0,0,19
BRDA:51,1,0,1
BRDA:51,1,1,18
BRDA:53,2,0,19
BRDA:53,2,1,19
BRDA:55,3,0,19
BRDA:55,3,1,13
BRDA:61,4,0,13
BRDA:61,4,1,6
BRDA:63,5,0,19
BRDA:63,5,1,12
BRDA:64,6,0,19
BRDA:64,6,1,12
BRDA:65,7,0,17
BRDA:65,7,1,12
BRDA:66,8,0,12
BRDA:66,8,1,12
BRDA:67,9,0,19
BRDA:67,9,1,14
BRDA:69,10,0,19
BRDA:69,10,1,18
BRF:21
BRH:21
end_of_record
TN:
SF:src/lib/config.ts
FNF:0
FNH:0
DA:1,20
DA:2,20
DA:11,20
DA:32,20
DA:33,20
DA:35,20
DA:36,20
DA:37,20
DA:38,20
DA:40,20
LF:10
LH:10
BRF:0
BRH:0
end_of_record
TN:
SF:src/lib/constants.ts
FNF:0
FNH:0
DA:1,3
LF:1
LH:1
BRF:0
BRH:0
end_of_record
TN:
SF:src/lib/helpers.ts
FN:4,getPosterUrl
FN:13,getProfileUrl
FN:22,getBackdropUrl
FN:31,getReleaseYear
FN:37,formatDate
FN:47,formatRuntime
FN:57,formatRating
FN:62,formatMoney
FNF:8
FNH:8
FNDA:197,getPosterUrl
FNDA:25,getProfileUrl
FNDA:6,getBackdropUrl
FNDA:65,getReleaseYear
FNDA:12,formatDate
FNDA:9,formatRuntime
FNDA:140,formatRating
FNDA:7,formatMoney
DA:8,197
DA:9,190
DA:17,25
DA:18,14
DA:26,6
DA:27,5
DA:32,65
DA:33,62
DA:38,12
DA:39,9
DA:48,9
DA:49,6
DA:50,6
DA:51,6
DA:52,4
DA:53,2
DA:58,140
DA:63,7
DA:64,6
LF:19
LH:19
BRDA:6,0,0,197
BRDA:8,1,0,7
BRDA:8,1,1,190
BRDA:15,2,0,25
BRDA:17,3,0,11
BRDA:17,3,1,14
BRDA:24,4,0,6
BRDA:26,5,0,1
BRDA:26,5,1,5
BRDA:32,6,0,3
BRDA:32,6,1,62
BRDA:38,7,0,3
BRDA:38,7,1,9
BRDA:48,8,0,3
BRDA:48,8,1,6
BRDA:51,9,0,2
BRDA:51,9,1,4
BRDA:52,10,0,2
BRDA:52,10,1,2
BRDA:63,11,0,1
BRDA:63,11,1,6
BRDA:68,12,0,4
BRDA:68,12,1,2
BRF:23
BRH:23
end_of_record
TN:
SF:src/lib/i18n.ts
FNF:0
FNH:0
DA:7,0
LF:1
LH:0
BRF:0
BRH:0
end_of_record
TN:
SF:src/lib/queryKeys.ts
FN:9,(anonymous_0)
FN:11,(anonymous_1)
FN:13,(anonymous_2)
FN:27,(anonymous_3)
FN:29,(anonymous_4)
FN:31,(anonymous_5)
FN:33,(anonymous_6)
FN:35,(anonymous_7)
FN:37,(anonymous_8)
FN:40,(anonymous_9)
FN:42,(anonymous_10)
FN:44,(anonymous_11)
FN:47,(anonymous_12)
FN:49,(anonymous_13)
FN:63,(anonymous_14)
FN:65,(anonymous_15)
FN:67,(anonymous_16)
FN:69,(anonymous_17)
FN:71,(anonymous_18)
FN:73,(anonymous_19)
FNF:20
FNH:20
FNDA:31,(anonymous_0)
FNDA:21,(anonymous_1)
FNDA:22,(anonymous_2)
FNDA:23,(anonymous_3)
FNDA:5,(anonymous_4)
FNDA:41,(anonymous_5)
FNDA:31,(anonymous_6)
FNDA:5,(anonymous_7)
FNDA:5,(anonymous_8)
FNDA:4,(anonymous_9)
FNDA:4,(anonymous_10)
FNDA:30,(anonymous_11)
FNDA:23,(anonymous_12)
FNDA:24,(anonymous_13)
FNDA:25,(anonymous_14)
FNDA:24,(anonymous_15)
FNDA:15,(anonymous_16)
FNDA:1,(anonymous_17)
FNDA:5,(anonymous_18)
FNDA:5,(anonymous_19)
DA:8,12
DA:9,31
DA:11,21
DA:14,22
DA:27,23
DA:29,5
DA:31,41
DA:33,31
DA:35,5
DA:38,5
DA:40,4
DA:42,4
DA:45,30
DA:47,23
DA:50,24
DA:63,25
DA:65,24
DA:67,15
DA:69,1
DA:71,5
DA:73,5
LF:21
LH:21
BRDA:9,0,0,31
BRDA:11,1,0,21
BRDA:27,2,0,23
BRDA:37,3,0,5
BRDA:44,4,0,30
BRDA:44,5,0,30
BRDA:47,6,0,23
BRDA:63,7,0,25
BRDA:71,8,0,5
BRF:9
BRH:9
end_of_record
TN:
SF:src/lib/tmdbClient.ts
FN:16,tmdbFetch
FN:21,(anonymous_1)
FN:36,(anonymous_2)
FNF:3
FNH:3
FNDA:10,tmdbFetch
FNDA:7,(anonymous_1)
FNDA:1,(anonymous_2)
DA:3,1
DA:17,10
DA:19,10
DA:20,10
DA:21,4
DA:22,7
DA:23,5
DA:28,10
DA:35,10
DA:36,3
DA:38,3
DA:39,3
DA:42,7
LF:13
LH:13
BRDA:16,0,0,10
BRDA:20,1,0,4
BRDA:20,1,1,6
BRDA:22,2,0,5
BRDA:22,2,1,2
BRDA:22,3,0,7
BRDA:22,3,1,6
BRDA:35,4,0,3
BRDA:35,4,1,7
BRDA:38,5,0,3
BRDA:38,5,1,2
BRF:11
BRH:11
end_of_record
TN:
SF:src/lib/types.ts
FNF:0
FNH:0
LF:0
LH:0
BRF:0
BRH:0
end_of_record
TN:
SF:src/lib/validation.ts
FNF:0
FNH:0
DA:2,1
LF:1
LH:1
BRF:0
BRH:0
end_of_record
TN:
SF:src/lib/videoUtils.ts
FN:9,getYouTubeEmbedUrl
FN:27,pickTrailer
FN:29,(anonymous_2)
FN:33,(anonymous_3)
FN:37,(anonymous_4)
FNF:5
FNH:5
FNDA:13,getYouTubeEmbedUrl
FNDA:8,pickTrailer
FNDA:12,(anonymous_2)
FNDA:7,(anonymous_3)
FNDA:5,(anonymous_4)
DA:3,2
DA:10,13
DA:11,10
DA:29,12
DA:30,8
DA:33,7
DA:34,6
DA:37,5
DA:38,5
LF:9
LH:9
BRDA:10,0,0,3
BRDA:10,0,1,10
BRDA:29,1,0,12
BRDA:29,1,1,10
BRDA:29,1,2,5
BRDA:30,2,0,2
BRDA:30,2,1,6
BRDA:33,3,0,7
BRDA:33,3,1,5
BRDA:34,4,0,1
BRDA:34,4,1,5
BRDA:37,5,0,5
BRDA:37,5,1,3
BRDA:38,6,0,5
BRDA:38,6,1,4
BRF:15
BRH:15
end_of_record
TN:
SF:src/pages/BrowsePage.tsx
FN:27,BrowsePage
FN:50,(anonymous_1)
FN:55,(anonymous_2)
FN:55,(anonymous_3)
FN:61,(anonymous_4)
FN:65,(anonymous_5)
FN:69,(anonymous_6)
FNF:7
FNH:0
FNDA:0,BrowsePage
FNDA:0,(anonymous_1)
FNDA:0,(anonymous_2)
FNDA:0,(anonymous_3)
FNDA:0,(anonymous_4)
FNDA:0,(anonymous_5)
FNDA:0,(anonymous_6)
DA:28,0
DA:29,0
DA:30,0
DA:33,0
DA:34,0
DA:41,0
DA:48,0
DA:50,0
DA:51,0
DA:55,0
DA:57,0
DA:58,0
DA:61,0
DA:62,0
DA:65,0
DA:66,0
DA:69,0
DA:70,0
DA:74,0
DA:75,0
DA:98,0
DA:99,0
DA:102,0
LF:23
LH:0
BRDA:41,0,0,0
BRDA:41,0,1,0
BRDA:48,1,0,0
BRDA:48,1,1,0
BRDA:51,2,0,0
BRDA:51,2,1,0
BRDA:57,3,0,0
BRDA:57,3,1,0
BRDA:58,4,0,0
BRDA:58,4,1,0
BRDA:74,5,0,0
BRDA:74,5,1,0
BRDA:98,6,0,0
BRDA:98,6,1,0
BRF:14
BRH:0
end_of_record
TN:
SF:src/pages/Favorites.tsx
FN:10,Favorites
FN:16,(anonymous_1)
FNF:2
FNH:1
FNDA:2,Favorites
FNDA:0,(anonymous_1)
DA:11,2
DA:12,2
DA:14,2
DA:16,2
DA:18,2
LF:5
LH:5
BRDA:26,0,0,2
BRDA:26,0,1,2
BRDA:29,1,0,0
BRDA:29,1,1,2
BRDA:42,2,0,2
BRDA:42,2,1,2
BRDA:42,2,2,0
BRDA:50,3,0,0
BRDA:50,3,1,0
BRDA:53,4,0,0
BRDA:53,4,1,0
BRF:11
BRH:5
end_of_record
TN:
SF:src/pages/Home.tsx
FN:3,Home
FNF:1
FNH:0
FNDA:0,Home
DA:4,0
LF:1
LH:0
BRF:0
BRH:0
end_of_record
TN:
SF:src/pages/ListsPage.tsx
FN:15,ListsPage
FN:27,(anonymous_1)
FN:38,(anonymous_2)
FN:43,(anonymous_3)
FN:51,(anonymous_4)
FN:55,(anonymous_5)
FN:59,(anonymous_6)
FN:63,(anonymous_7)
FN:66,(anonymous_8)
FN:69,(anonymous_9)
FN:72,(anonymous_10)
FN:79,(anonymous_11)
FN:83,(anonymous_12)
FN:85,(anonymous_13)
FN:88,(anonymous_14)
FN:93,(anonymous_15)
FN:97,(anonymous_16)
FN:112,(anonymous_17)
FN:112,(anonymous_18)
FN:120,(anonymous_19)
FNF:20
FNH:0
FNDA:0,ListsPage
FNDA:0,(anonymous_1)
FNDA:0,(anonymous_2)
FNDA:0,(anonymous_3)
FNDA:0,(anonymous_4)
FNDA:0,(anonymous_5)
FNDA:0,(anonymous_6)
FNDA:0,(anonymous_7)
FNDA:0,(anonymous_8)
FNDA:0,(anonymous_9)
FNDA:0,(anonymous_10)
FNDA:0,(anonymous_11)
FNDA:0,(anonymous_12)
FNDA:0,(anonymous_13)
FNDA:0,(anonymous_14)
FNDA:0,(anonymous_15)
FNDA:0,(anonymous_16)
FNDA:0,(anonymous_17)
FNDA:0,(anonymous_18)
FNDA:0,(anonymous_19)
DA:16,0
DA:19,0
DA:20,0
DA:23,0
DA:24,0
DA:27,0
DA:28,0
DA:29,0
DA:33,0
DA:34,0
DA:37,0
DA:39,0
DA:40,0
DA:41,0
DA:42,0
DA:43,0
DA:45,0
DA:51,0
DA:52,0
DA:55,0
DA:56,0
DA:59,0
DA:60,0
DA:61,0
DA:62,0
DA:63,0
DA:66,0
DA:67,0
DA:68,0
DA:69,0
DA:70,0
DA:72,0
DA:73,0
DA:74,0
DA:75,0
DA:79,0
DA:80,0
DA:83,0
DA:84,0
DA:85,0
DA:88,0
DA:93,0
DA:94,0
DA:96,0
DA:97,0
DA:100,0
DA:112,0
DA:120,0
LF:48
LH:0
BRDA:28,0,0,0
BRDA:28,0,1,0
BRDA:28,1,0,0
BRDA:28,1,1,0
BRDA:39,2,0,0
BRDA:39,2,1,0
BRDA:52,3,0,0
BRDA:52,3,1,0
BRDA:60,4,0,0
BRDA:60,4,1,0
BRDA:68,5,0,0
BRDA:68,5,1,0
BRDA:70,6,0,0
BRDA:70,6,1,0
BRDA:87,7,0,0
BRDA:87,7,1,0
BRDA:88,8,0,0
BRDA:88,8,1,0
BRDA:93,9,0,0
BRDA:93,9,1,0
BRDA:94,10,0,0
BRDA:94,10,1,0
BRDA:94,11,0,0
BRDA:94,11,1,0
BRDA:108,12,0,0
BRDA:108,12,1,0
BRDA:119,13,0,0
BRDA:119,13,1,0
BRF:28
BRH:0
end_of_record
TN:
SF:src/pages/MovieDetailPage.tsx
FN:15,movieDetailAsBase
FN:16,(anonymous_1)
FN:25,MovieDetailPage
FN:66,(anonymous_3)
FN:79,(anonymous_4)
FN:83,(anonymous_5)
FN:102,(anonymous_6)
FN:103,(anonymous_7)
FN:104,(anonymous_8)
FNF:9
FNH:0
FNDA:0,movieDetailAsBase
FNDA:0,(anonymous_1)
FNDA:0,MovieDetailPage
FNDA:0,(anonymous_3)
FNDA:0,(anonymous_4)
FNDA:0,(anonymous_5)
FNDA:0,(anonymous_6)
FNDA:0,(anonymous_7)
FNDA:0,(anonymous_8)
DA:16,0
DA:26,0
DA:27,0
DA:28,0
DA:30,0
DA:31,0
DA:32,0
DA:33,0
DA:35,0
DA:36,0
DA:38,0
DA:39,0
DA:40,0
DA:42,0
DA:43,0
DA:44,0
DA:46,0
DA:49,0
DA:65,0
DA:66,0
DA:77,0
DA:80,0
DA:83,0
DA:91,0
DA:102,0
DA:103,0
DA:105,0
LF:27
LH:0
BRDA:28,0,0,0
BRDA:28,0,1,0
BRDA:38,1,0,0
BRDA:38,1,1,0
BRDA:39,2,0,0
BRDA:39,2,1,0
BRDA:40,3,0,0
BRDA:40,3,1,0
BRDA:42,4,0,0
BRDA:42,4,1,0
BRDA:43,5,0,0
BRDA:43,5,1,0
BRDA:44,6,0,0
BRDA:44,6,1,0
BRDA:46,7,0,0
BRDA:46,7,1,0
BRDA:49,8,0,0
BRDA:49,8,1,0
BRDA:77,9,0,0
BRDA:77,9,1,0
BRDA:102,10,0,0
BRDA:102,10,1,0
BRDA:103,11,0,0
BRDA:103,11,1,0
BRDA:105,12,0,0
BRDA:105,12,1,0
BRF:26
BRH:0
end_of_record
TN:
SF:src/pages/NotFound.tsx
FN:6,NotFound
FNF:1
FNH:1
FNDA:3,NotFound
DA:7,3
LF:1
LH:1
BRF:0
BRH:0
end_of_record
TN:
SF:src/pages/PersonPage.tsx
FN:12,PersonPageSkeleton
FN:25,(anonymous_1)
FN:44,PersonPage
FN:67,(anonymous_3)
FN:74,(anonymous_4)
FNF:5
FNH:0
FNDA:0,PersonPageSkeleton
FNDA:0,(anonymous_1)
FNDA:0,PersonPage
FNDA:0,(anonymous_3)
FNDA:0,(anonymous_4)
DA:13,0
DA:26,0
DA:45,0
DA:46,0
DA:47,0
DA:49,0
DA:50,0
DA:52,0
DA:55,0
DA:57,0
DA:59,0
DA:60,0
DA:67,0
DA:74,0
DA:75,0
DA:78,0
LF:16
LH:0
BRDA:47,0,0,0
BRDA:47,0,1,0
BRDA:55,1,0,0
BRDA:55,1,1,0
BRDA:57,2,0,0
BRDA:57,2,1,0
BRDA:59,3,0,0
BRDA:59,3,1,0
BRDA:59,4,0,0
BRDA:59,4,1,0
BRDA:83,5,0,0
BRDA:83,5,1,0
BRF:12
BRH:0
end_of_record
TN:
SF:src/pages/ProfilePage.tsx
FN:19,ProfilePage
FN:26,(anonymous_1)
FN:28,(anonymous_2)
FN:33,handleRemoveWatched
FN:54,(anonymous_4)
FNF:5
FNH:2
FNDA:1,ProfilePage
FNDA:1,(anonymous_1)
FNDA:0,(anonymous_2)
FNDA:0,handleRemoveWatched
FNDA:0,(anonymous_4)
DA:20,1
DA:21,1
DA:22,1
DA:23,1
DA:25,1
DA:27,1
DA:28,0
DA:34,0
DA:41,1
DA:54,0
LF:10
LH:7
BRF:0
BRH:0
end_of_record
TN:
SF:src/pages/TVBrowsePage.tsx
FN:3,TVBrowsePage
FNF:1
FNH:0
FNDA:0,TVBrowsePage
DA:4,0
LF:1
LH:0
BRF:0
BRH:0
end_of_record
TN:
SF:src/pages/TVDetailPage.tsx
FN:15,tvShowAsMovie
FN:25,(anonymous_1)
FN:37,TVDetailPage
FN:91,(anonymous_3)
FN:92,(anonymous_4)
FN:108,(anonymous_5)
FN:109,(anonymous_6)
FN:110,(anonymous_7)
FNF:8
FNH:0
FNDA:0,tvShowAsMovie
FNDA:0,(anonymous_1)
FNDA:0,TVDetailPage
FNDA:0,(anonymous_3)
FNDA:0,(anonymous_4)
FNDA:0,(anonymous_5)
FNDA:0,(anonymous_6)
FNDA:0,(anonymous_7)
DA:16,0
DA:25,0
DA:38,0
DA:39,0
DA:40,0
DA:42,0
DA:43,0
DA:44,0
DA:45,0
DA:47,0
DA:48,0
DA:50,0
DA:51,0
DA:52,0
DA:54,0
DA:55,0
DA:56,0
DA:58,0
DA:59,0
DA:62,0
DA:78,0
DA:89,0
DA:92,0
DA:97,0
DA:108,0
DA:109,0
DA:111,0
LF:27
LH:0
BRDA:40,0,0,0
BRDA:40,0,1,0
BRDA:50,1,0,0
BRDA:50,1,1,0
BRDA:51,2,0,0
BRDA:51,2,1,0
BRDA:52,3,0,0
BRDA:52,3,1,0
BRDA:54,4,0,0
BRDA:54,4,1,0
BRDA:55,5,0,0
BRDA:55,5,1,0
BRDA:56,6,0,0
BRDA:56,6,1,0
BRDA:58,7,0,0
BRDA:58,7,1,0
BRDA:59,8,0,0
BRDA:59,8,1,0
BRDA:62,9,0,0
BRDA:62,9,1,0
BRDA:89,10,0,0
BRDA:89,10,1,0
BRDA:108,11,0,0
BRDA:108,11,1,0
BRDA:109,12,0,0
BRDA:109,12,1,0
BRDA:111,13,0,0
BRDA:111,13,1,0
BRF:28
BRH:0
end_of_record
TN:
SF:src/pages/WatchedPage.tsx
FN:6,WatchedPage
FN:15,(anonymous_1)
FN:16,(anonymous_2)
FNF:3
FNH:1
FNDA:1,WatchedPage
FNDA:0,(anonymous_1)
FNDA:0,(anonymous_2)
DA:7,1
DA:8,1
DA:10,1
DA:15,0
DA:16,0
LF:5
LH:3
BRF:0
BRH:0
end_of_record
TN:
SF:src/pages/WelcomePage.tsx
FN:8,(anonymous_0)
FN:15,WelcomePage
FN:23,(anonymous_2)
FN:40,(anonymous_3)
FN:47,(anonymous_4)
FNF:5
FNH:5
FNDA:14,(anonymous_0)
FNDA:4,WelcomePage
FNDA:56,(anonymous_2)
FNDA:1,(anonymous_3)
FNDA:56,(anonymous_4)
DA:5,1
DA:8,14
DA:16,4
DA:18,4
DA:24,56
DA:40,1
DA:48,56
LF:7
LH:7
BRF:0
BRH:0
end_of_record
